<?xml version="1.0" encoding="UTF-8"?>
<testsuite xmlns:xsi="http://www.w3.org/2001/XMLSchema-instance" xsi:noNamespaceSchemaLocation="https://maven.apache.org/surefire/maven-surefire-plugin/xsd/surefire-test-report-3.0.xsd" version="3.0" name="com.logsystem.test.RaftTest" time="3.33" tests="1" errors="0" skipped="0" failures="0">
  <properties>
[...]
</properties>
  <testcase name="stressTestLogIngestion" classname="com.logsystem.test.RaftTest" time="0.835">
    <system-out><![CDATA[12:55:46.326 [main] INFO org.springframework.test.context.support.AnnotationConfigContextLoaderUtils -- Could not detect default configuration classes for test class [com.logsystem.test.RaftTest]: RaftTest does not declare any static, non-private, non-final, nested classes annotated with @Configuration.
12:55:46.412 [main] INFO org.springframework.boot.test.context.SpringBootTestContextBootstrapper -- Found @SpringBootConfiguration com.logsystem.LogSystemApplication for test class com.logsystem.test.RaftTest

  .   ____          _            __ _ _
 /\\ / ___'_ __ _ _(_)_ __  __ _ \ \ \ \
( ( )\___ | '_ | '_| | '_ \/ _` | \ \ \ \
 \\/  ___)| |_)| | | | | || (_| |  ) ) ) )
  '  |____| .__|_| |_|_| |_\__, | / / / /
 =========|_|==============|___/=/_/_/_/
&amp#27;[32m :: Spring Boot :: &amp#27;[39m              &amp#27;[2m (v3.2.3)&amp#27;[0;39m

&amp#27;[2m2025-04-26T12:55:46.705+05:30&amp#27;[0;39m &amp#27;[32m INFO&amp#27;[0;39m &amp#27;[35m69975&amp#27;[0;39m &amp#27;[2m---&amp#27;[0;39m &amp#27;[2m[           main]&amp#27;[0;39m &amp#27;[2m&amp#27;[0;39m&amp#27;[36mcom.logsystem.test.RaftTest             &amp#27;[0;39m &amp#27;[2m:&amp#27;[0;39m Starting RaftTest using Java 23.0.2 with PID 69975 (started by kanchan in /Users/kanchan/Desktop/ Y2S2/DS project/DS)
&amp#27;[2m2025-04-26T12:55:46.705+05:30&amp#27;[0;39m &amp#27;[32mDEBUG&amp#27;[0;39m &amp#27;[35m69975&amp#27;[0;39m &amp#27;[2m---&amp#27;[0;39m &amp#27;[2m[           main]&amp#27;[0;39m &amp#27;[2m&amp#27;[0;39m&amp#27;[36mcom.logsystem.test.RaftTest             &amp#27;[0;39m &amp#27;[2m:&amp#27;[0;39m Running with Spring Boot v3.2.3, Spring v6.1.4
&amp#27;[2m2025-04-26T12:55:46.706+05:30&amp#27;[0;39m &amp#27;[32m INFO&amp#27;[0;39m &amp#27;[35m69975&amp#27;[0;39m &amp#27;[2m---&amp#27;[0;39m &amp#27;[2m[           main]&amp#27;[0;39m &amp#27;[2m&amp#27;[0;39m&amp#27;[36mcom.logsystem.test.RaftTest             &amp#27;[0;39m &amp#27;[2m:&amp#27;[0;39m No active profile set, falling back to 1 default profile: "default"
&amp#27;[2m2025-04-26T12:55:47.351+05:30&amp#27;[0;39m &amp#27;[32m INFO&amp#27;[0;39m &amp#27;[35m69975&amp#27;[0;39m &amp#27;[2m---&amp#27;[0;39m &amp#27;[2m[           main]&amp#27;[0;39m &amp#27;[2m&amp#27;[0;39m&amp#27;[36m.s.d.r.c.RepositoryConfigurationDelegate&amp#27;[0;39m &amp#27;[2m:&amp#27;[0;39m Bootstrapping Spring Data MongoDB repositories in DEFAULT mode.
&amp#27;[2m2025-04-26T12:55:47.390+05:30&amp#27;[0;39m &amp#27;[32m INFO&amp#27;[0;39m &amp#27;[35m69975&amp#27;[0;39m &amp#27;[2m---&amp#27;[0;39m &amp#27;[2m[           main]&amp#27;[0;39m &amp#27;[2m&amp#27;[0;39m&amp#27;[36m.s.d.r.c.RepositoryConfigurationDelegate&amp#27;[0;39m &amp#27;[2m:&amp#27;[0;39m Finished Spring Data repository scanning in 36 ms. Found 2 MongoDB repository interfaces.
&amp#27;[2m2025-04-26T12:55:47.655+05:30&amp#27;[0;39m &amp#27;[32m INFO&amp#27;[0;39m &amp#27;[35m69975&amp#27;[0;39m &amp#27;[2m---&amp#27;[0;39m &amp#27;[2m[           main]&amp#27;[0;39m &amp#27;[2m&amp#27;[0;39m&amp#27;[36morg.mongodb.driver.cluster              &amp#27;[0;39m &amp#27;[2m:&amp#27;[0;39m Adding discovered server localhost:27018 to client view of cluster
&amp#27;[2m2025-04-26T12:55:47.681+05:30&amp#27;[0;39m &amp#27;[32m INFO&amp#27;[0;39m &amp#27;[35m69975&amp#27;[0;39m &amp#27;[2m---&amp#27;[0;39m &amp#27;[2m[           main]&amp#27;[0;39m &amp#27;[2m&amp#27;[0;39m&amp#27;[36morg.mongodb.driver.cluster              &amp#27;[0;39m &amp#27;[2m:&amp#27;[0;39m Adding discovered server localhost:27019 to client view of cluster
&amp#27;[2m2025-04-26T12:55:47.708+05:30&amp#27;[0;39m &amp#27;[32m INFO&amp#27;[0;39m &amp#27;[35m69975&amp#27;[0;39m &amp#27;[2m---&amp#27;[0;39m &amp#27;[2m[           main]&amp#27;[0;39m &amp#27;[2m&amp#27;[0;39m&amp#27;[36morg.mongodb.driver.client               &amp#27;[0;39m &amp#27;[2m:&amp#27;[0;39m MongoClient with metadata {"driver": {"name": "mongo-java-driver|sync|spring-boot", "version": "4.11.1"}, "os": {"type": "Darwin", "name": "Mac OS X", "architecture": "aarch64", "version": "14.4.1"}, "platform": "Java/Homebrew/23.0.2"} created with settings MongoClientSettings{readPreference=primary, writeConcern=WriteConcern{w=null, wTimeout=null ms, journal=null}, retryWrites=true, retryReads=true, readConcern=ReadConcern{level=null}, credential=null, transportSettings=null, streamFactoryFactory=null, commandListeners=[], codecRegistry=ProvidersCodecRegistry{codecProviders=[ValueCodecProvider{}, BsonValueCodecProvider{}, DBRefCodecProvider{}, DBObjectCodecProvider{}, DocumentCodecProvider{}, CollectionCodecProvider{}, IterableCodecProvider{}, MapCodecProvider{}, GeoJsonCodecProvider{}, GridFSFileCodecProvider{}, Jsr310CodecProvider{}, JsonObjectCodecProvider{}, BsonCodecProvider{}, EnumCodecProvider{}, com.mongodb.client.model.mql.ExpressionCodecProvider@d3f4505, com.mongodb.Jep395RecordCodecProvider@3eb292cd, com.mongodb.KotlinCodecProvider@7fd987ef]}, loggerSettings=LoggerSettings{maxDocumentLength=1000}, clusterSettings={hosts=[localhost:27018, localhost:27019], srvServiceName=mongodb, mode=MULTIPLE, requiredClusterType=REPLICA_SET, requiredReplicaSetName='myReplSet', serverSelector='null', clusterListeners='[]', serverSelectionTimeout='30000 ms', localThreshold='15 ms'}, socketSettings=SocketSettings{connectTimeoutMS=10000, readTimeoutMS=0, receiveBufferSize=0, proxySettings=ProxySettings{host=null, port=null, username=null, password=null}}, heartbeatSocketSettings=SocketSettings{connectTimeoutMS=10000, readTimeoutMS=10000, receiveBufferSize=0, proxySettings=ProxySettings{host=null, port=null, username=null, password=null}}, connectionPoolSettings=ConnectionPoolSettings{maxSize=100, minSize=0, maxWaitTimeMS=120000, maxConnectionLifeTimeMS=0, maxConnectionIdleTimeMS=0, maintenanceInitialDelayMS=0, maintenanceFrequencyMS=60000, connectionPoolListeners=[], maxConnecting=2}, serverSettings=ServerSettings{heartbeatFrequencyMS=10000, minHeartbeatFrequencyMS=500, serverListeners='[]', serverMonitorListeners='[]'}, sslSettings=SslSettings{enabled=false, invalidHostNameAllowed=false, context=null}, applicationName='null', compressorList=[], uuidRepresentation=JAVA_LEGACY, serverApi=null, autoEncryptionSettings=null, dnsClient=null, inetAddressResolver=null, contextProvider=null}
&amp#27;[2m2025-04-26T12:55:47.820+05:30&amp#27;[0;39m &amp#27;[32m INFO&amp#27;[0;39m &amp#27;[35m69975&amp#27;[0;39m &amp#27;[2m---&amp#27;[0;39m &amp#27;[2m[localhost:27019]&amp#27;[0;39m &amp#27;[2m&amp#27;[0;39m&amp#27;[36morg.mongodb.driver.cluster              &amp#27;[0;39m &amp#27;[2m:&amp#27;[0;39m Monitor thread successfully connected to server with description ServerDescription{address=localhost:27019, type=REPLICA_SET_SECONDARY, state=CONNECTED, ok=true, minWireVersion=0, maxWireVersion=25, maxDocumentSize=16777216, logicalSessionTimeoutMinutes=30, roundTripTimeNanos=55616500, setName='myReplSet', canonicalAddress=localhost:27019, hosts=[localhost:27020, localhost:27018, localhost:27019], passives=[], arbiters=[], primary='localhost:27018', tagSet=TagSet{[]}, electionId=null, setVersion=5, topologyVersion=TopologyVersion{processId=67eccfbdbe7319c3739cefb7, counter=2293}, lastWriteDate=Sat Apr 26 12:55:47 IST 2025, lastUpdateTimeNanos=1823641315102041}
&amp#27;[2m2025-04-26T12:55:47.821+05:30&amp#27;[0;39m &amp#27;[32m INFO&amp#27;[0;39m &amp#27;[35m69975&amp#27;[0;39m &amp#27;[2m---&amp#27;[0;39m &amp#27;[2m[localhost:27018]&amp#27;[0;39m &amp#27;[2m&amp#27;[0;39m&amp#27;[36morg.mongodb.driver.cluster              &amp#27;[0;39m &amp#27;[2m:&amp#27;[0;39m Monitor thread successfully connected to server with description ServerDescription{address=localhost:27018, type=REPLICA_SET_PRIMARY, state=CONNECTED, ok=true, minWireVersion=0, maxWireVersion=25, maxDocumentSize=16777216, logicalSessionTimeoutMinutes=30, roundTripTimeNanos=51682542, setName='myReplSet', canonicalAddress=localhost:27018, hosts=[localhost:27020, localhost:27018, localhost:27019], passives=[], arbiters=[], primary='localhost:27018', tagSet=TagSet{[]}, electionId=7fffffff0000000000000362, setVersion=5, topologyVersion=TopologyVersion{processId=67ecc670dea591c3be2459d5, counter=2260}, lastWriteDate=Sat Apr 26 12:55:47 IST 2025, lastUpdateTimeNanos=1823641315119208}
&amp#27;[2m2025-04-26T12:55:47.823+05:30&amp#27;[0;39m &amp#27;[32m INFO&amp#27;[0;39m &amp#27;[35m69975&amp#27;[0;39m &amp#27;[2m---&amp#27;[0;39m &amp#27;[2m[localhost:27019]&amp#27;[0;39m &amp#27;[2m&amp#27;[0;39m&amp#27;[36morg.mongodb.driver.cluster              &amp#27;[0;39m &amp#27;[2m:&amp#27;[0;39m Adding discovered server localhost:27020 to client view of cluster
&amp#27;[2m2025-04-26T12:55:47.828+05:30&amp#27;[0;39m &amp#27;[32m INFO&amp#27;[0;39m &amp#27;[35m69975&amp#27;[0;39m &amp#27;[2m---&amp#27;[0;39m &amp#27;[2m[localhost:27018]&amp#27;[0;39m &amp#27;[2m&amp#27;[0;39m&amp#27;[36morg.mongodb.driver.cluster              &amp#27;[0;39m &amp#27;[2m:&amp#27;[0;39m Discovered replica set primary localhost:27018 with max election id 7fffffff0000000000000362 and max set version 5
&amp#27;[2m2025-04-26T12:55:47.829+05:30&amp#27;[0;39m &amp#27;[32m INFO&amp#27;[0;39m &amp#27;[35m69975&amp#27;[0;39m &amp#27;[2m---&amp#27;[0;39m &amp#27;[2m[localhost:27020]&amp#27;[0;39m &amp#27;[2m&amp#27;[0;39m&amp#27;[36morg.mongodb.driver.cluster              &amp#27;[0;39m &amp#27;[2m:&amp#27;[0;39m Monitor thread successfully connected to server with description ServerDescription{address=localhost:27020, type=REPLICA_SET_SECONDARY, state=CONNECTED, ok=true, minWireVersion=0, maxWireVersion=25, maxDocumentSize=16777216, logicalSessionTimeoutMinutes=30, roundTripTimeNanos=3788958, setName='myReplSet', canonicalAddress=localhost:27020, hosts=[localhost:27020, localhost:27018, localhost:27019], passives=[], arbiters=[], primary='localhost:27018', tagSet=TagSet{[]}, electionId=null, setVersion=5, topologyVersion=TopologyVersion{processId=67fe07fb58d9d5751e04acb5, counter=924}, lastWriteDate=Sat Apr 26 12:55:47 IST 2025, lastUpdateTimeNanos=1823641326427958}
&amp#27;[2m2025-04-26T12:55:48.016+05:30&amp#27;[0;39m &amp#27;[32mDEBUG&amp#27;[0;39m &amp#27;[35m69975&amp#27;[0;39m &amp#27;[2m---&amp#27;[0;39m &amp#27;[2m[           main]&amp#27;[0;39m &amp#27;[2m&amp#27;[0;39m&amp#27;[36m.m.c.i.MongoPersistentEntityIndexCreator&amp#27;[0;39m &amp#27;[2m:&amp#27;[0;39m Analyzing class class com.logsystem.model.Counter for index information
&amp#27;[2m2025-04-26T12:55:48.026+05:30&amp#27;[0;39m &amp#27;[32mDEBUG&amp#27;[0;39m &amp#27;[35m69975&amp#27;[0;39m &amp#27;[2m---&amp#27;[0;39m &amp#27;[2m[           main]&amp#27;[0;39m &amp#27;[2m&amp#27;[0;39m&amp#27;[36m.m.c.i.MongoPersistentEntityIndexCreator&amp#27;[0;39m &amp#27;[2m:&amp#27;[0;39m Analyzing class class com.logsystem.model.LogEntry for index information
Node-0 is elected as Leader for term 1
&amp#27;[2m2025-04-26T12:55:48.605+05:30&amp#27;[0;39m &amp#27;[32m INFO&amp#27;[0;39m &amp#27;[35m69975&amp#27;[0;39m &amp#27;[2m---&amp#27;[0;39m &amp#27;[2m[           main]&amp#27;[0;39m &amp#27;[2m&amp#27;[0;39m&amp#27;[36mcom.logsystem.test.RaftTest             &amp#27;[0;39m &amp#27;[2m:&amp#27;[0;39m Started RaftTest in 2.089 seconds (process running for 2.917)
Starting Raft stress test on leader...
&amp#27;[2m2025-04-26T12:55:49.204+05:30&amp#27;[0;39m &amp#27;[32mDEBUG&amp#27;[0;39m &amp#27;[35m69975&amp#27;[0;39m &amp#27;[2m---&amp#27;[0;39m &amp#27;[2m[           main]&amp#27;[0;39m &amp#27;[2m&amp#27;[0;39m&amp#27;[36mo.s.d.m.r.query.MongoQueryCreator       &amp#27;[0;39m &amp#27;[2m:&amp#27;[0;39m Created query Query: { "message" : "Stress Log #1", "level" : { "$java" : INFO } }, Fields: {}, Sort: {}
&amp#27;[2m2025-04-26T12:55:49.210+05:30&amp#27;[0;39m &amp#27;[32mDEBUG&amp#27;[0;39m &amp#27;[35m69975&amp#27;[0;39m &amp#27;[2m---&amp#27;[0;39m &amp#27;[2m[           main]&amp#27;[0;39m &amp#27;[2m&amp#27;[0;39m&amp#27;[36mo.s.data.mongodb.core.MongoTemplate     &amp#27;[0;39m &amp#27;[2m:&amp#27;[0;39m Executing count: { "message" : "Stress Log #1", "level" : "INFO"} in collection: logs
&amp#27;[2m2025-04-26T12:55:49.250+05:30&amp#27;[0;39m &amp#27;[32mDEBUG&amp#27;[0;39m &amp#27;[35m69975&amp#27;[0;39m &amp#27;[2m---&amp#27;[0;39m &amp#27;[2m[           main]&amp#27;[0;39m &amp#27;[2m&amp#27;[0;39m&amp#27;[36mo.s.d.m.r.query.MongoQueryCreator       &amp#27;[0;39m &amp#27;[2m:&amp#27;[0;39m Created query Query: { "message" : "Stress Log #2", "level" : { "$java" : INFO } }, Fields: {}, Sort: {}
&amp#27;[2m2025-04-26T12:55:49.250+05:30&amp#27;[0;39m &amp#27;[32mDEBUG&amp#27;[0;39m &amp#27;[35m69975&amp#27;[0;39m &amp#27;[2m---&amp#27;[0;39m &amp#27;[2m[           main]&amp#27;[0;39m &amp#27;[2m&amp#27;[0;39m&amp#27;[36mo.s.data.mongodb.core.MongoTemplate     &amp#27;[0;39m &amp#27;[2m:&amp#27;[0;39m Executing count: { "message" : "Stress Log #2", "level" : "INFO"} in collection: logs
&amp#27;[2m2025-04-26T12:55:49.252+05:30&amp#27;[0;39m &amp#27;[32mDEBUG&amp#27;[0;39m &amp#27;[35m69975&amp#27;[0;39m &amp#27;[2m---&amp#27;[0;39m &amp#27;[2m[           main]&amp#27;[0;39m &amp#27;[2m&amp#27;[0;39m&amp#27;[36mo.s.d.m.r.query.MongoQueryCreator       &amp#27;[0;39m &amp#27;[2m:&amp#27;[0;39m Created query Query: { "message" : "Stress Log #3", "level" : { "$java" : INFO } }, Fields: {}, Sort: {}
&amp#27;[2m2025-04-26T12:55:49.253+05:30&amp#27;[0;39m &amp#27;[32mDEBUG&amp#27;[0;39m &amp#27;[35m69975&amp#27;[0;39m &amp#27;[2m---&amp#27;[0;39m &amp#27;[2m[           main]&amp#27;[0;39m &amp#27;[2m&amp#27;[0;39m&amp#27;[36mo.s.data.mongodb.core.MongoTemplate     &amp#27;[0;39m &amp#27;[2m:&amp#27;[0;39m Executing count: { "message" : "Stress Log #3", "level" : "INFO"} in collection: logs
&amp#27;[2m2025-04-26T12:55:49.255+05:30&amp#27;[0;39m &amp#27;[32mDEBUG&amp#27;[0;39m &amp#27;[35m69975&amp#27;[0;39m &amp#27;[2m---&amp#27;[0;39m &amp#27;[2m[           main]&amp#27;[0;39m &amp#27;[2m&amp#27;[0;39m&amp#27;[36mo.s.d.m.r.query.MongoQueryCreator       &amp#27;[0;39m &amp#27;[2m:&amp#27;[0;39m Created query Query: { "message" : "Stress Log #4", "level" : { "$java" : INFO } }, Fields: {}, Sort: {}
&amp#27;[2m2025-04-26T12:55:49.255+05:30&amp#27;[0;39m &amp#27;[32mDEBUG&amp#27;[0;39m &amp#27;[35m69975&amp#27;[0;39m &amp#27;[2m---&amp#27;[0;39m &amp#27;[2m[           main]&amp#27;[0;39m &amp#27;[2m&amp#27;[0;39m&amp#27;[36mo.s.data.mongodb.core.MongoTemplate     &amp#27;[0;39m &amp#27;[2m:&amp#27;[0;39m Executing count: { "message" : "Stress Log #4", "level" : "INFO"} in collection: logs
&amp#27;[2m2025-04-26T12:55:49.257+05:30&amp#27;[0;39m &amp#27;[32mDEBUG&amp#27;[0;39m &amp#27;[35m69975&amp#27;[0;39m &amp#27;[2m---&amp#27;[0;39m &amp#27;[2m[           main]&amp#27;[0;39m &amp#27;[2m&amp#27;[0;39m&amp#27;[36mo.s.d.m.r.query.MongoQueryCreator       &amp#27;[0;39m &amp#27;[2m:&amp#27;[0;39m Created query Query: { "message" : "Stress Log #5", "level" : { "$java" : INFO } }, Fields: {}, Sort: {}
&amp#27;[2m2025-04-26T12:55:49.257+05:30&amp#27;[0;39m &amp#27;[32mDEBUG&amp#27;[0;39m &amp#27;[35m69975&amp#27;[0;39m &amp#27;[2m---&amp#27;[0;39m &amp#27;[2m[           main]&amp#27;[0;39m &amp#27;[2m&amp#27;[0;39m&amp#27;[36mo.s.data.mongodb.core.MongoTemplate     &amp#27;[0;39m &amp#27;[2m:&amp#27;[0;39m Executing count: { "message" : "Stress Log #5", "level" : "INFO"} in collection: logs
&amp#27;[2m2025-04-26T12:55:49.259+05:30&amp#27;[0;39m &amp#27;[32mDEBUG&amp#27;[0;39m &amp#27;[35m69975&amp#27;[0;39m &amp#27;[2m---&amp#27;[0;39m &amp#27;[2m[           main]&amp#27;[0;39m &amp#27;[2m&amp#27;[0;39m&amp#27;[36mo.s.d.m.r.query.MongoQueryCreator       &amp#27;[0;39m &amp#27;[2m:&amp#27;[0;39m Created query Query: { "message" : "Stress Log #6", "level" : { "$java" : INFO } }, Fields: {}, Sort: {}
&amp#27;[2m2025-04-26T12:55:49.259+05:30&amp#27;[0;39m &amp#27;[32mDEBUG&amp#27;[0;39m &amp#27;[35m69975&amp#27;[0;39m &amp#27;[2m---&amp#27;[0;39m &amp#27;[2m[           main]&amp#27;[0;39m &amp#27;[2m&amp#27;[0;39m&amp#27;[36mo.s.data.mongodb.core.MongoTemplate     &amp#27;[0;39m &amp#27;[2m:&amp#27;[0;39m Executing count: { "message" : "Stress Log #6", "level" : "INFO"} in collection: logs
&amp#27;[2m2025-04-26T12:55:49.261+05:30&amp#27;[0;39m &amp#27;[32mDEBUG&amp#27;[0;39m &amp#27;[35m69975&amp#27;[0;39m &amp#27;[2m---&amp#27;[0;39m &amp#27;[2m[           main]&amp#27;[0;39m &amp#27;[2m&amp#27;[0;39m&amp#27;[36mo.s.d.m.r.query.MongoQueryCreator       &amp#27;[0;39m &amp#27;[2m:&amp#27;[0;39m Created query Query: { "message" : "Stress Log #7", "level" : { "$java" : INFO } }, Fields: {}, Sort: {}
&amp#27;[2m2025-04-26T12:55:49.261+05:30&amp#27;[0;39m &amp#27;[32mDEBUG&amp#27;[0;39m &amp#27;[35m69975&amp#27;[0;39m &amp#27;[2m---&amp#27;[0;39m &amp#27;[2m[           main]&amp#27;[0;39m &amp#27;[2m&amp#27;[0;39m&amp#27;[36mo.s.data.mongodb.core.MongoTemplate     &amp#27;[0;39m &amp#27;[2m:&amp#27;[0;39m Executing count: { "message" : "Stress Log #7", "level" : "INFO"} in collection: logs
&amp#27;[2m2025-04-26T12:55:49.263+05:30&amp#27;[0;39m &amp#27;[32mDEBUG&amp#27;[0;39m &amp#27;[35m69975&amp#27;[0;39m &amp#27;[2m---&amp#27;[0;39m &amp#27;[2m[           main]&amp#27;[0;39m &amp#27;[2m&amp#27;[0;39m&amp#27;[36mo.s.d.m.r.query.MongoQueryCreator       &amp#27;[0;39m &amp#27;[2m:&amp#27;[0;39m Created query Query: { "message" : "Stress Log #8", "level" : { "$java" : INFO } }, Fields: {}, Sort: {}
&amp#27;[2m2025-04-26T12:55:49.263+05:30&amp#27;[0;39m &amp#27;[32mDEBUG&amp#27;[0;39m &amp#27;[35m69975&amp#27;[0;39m &amp#27;[2m---&amp#27;[0;39m &amp#27;[2m[           main]&amp#27;[0;39m &amp#27;[2m&amp#27;[0;39m&amp#27;[36mo.s.data.mongodb.core.MongoTemplate     &amp#27;[0;39m &amp#27;[2m:&amp#27;[0;39m Executing count: { "message" : "Stress Log #8", "level" : "INFO"} in collection: logs
&amp#27;[2m2025-04-26T12:55:49.265+05:30&amp#27;[0;39m &amp#27;[32mDEBUG&amp#27;[0;39m &amp#27;[35m69975&amp#27;[0;39m &amp#27;[2m---&amp#27;[0;39m &amp#27;[2m[           main]&amp#27;[0;39m &amp#27;[2m&amp#27;[0;39m&amp#27;[36mo.s.d.m.r.query.MongoQueryCreator       &amp#27;[0;39m &amp#27;[2m:&amp#27;[0;39m Created query Query: { "message" : "Stress Log #9", "level" : { "$java" : INFO } }, Fields: {}, Sort: {}
&amp#27;[2m2025-04-26T12:55:49.265+05:30&amp#27;[0;39m &amp#27;[32mDEBUG&amp#27;[0;39m &amp#27;[35m69975&amp#27;[0;39m &amp#27;[2m---&amp#27;[0;39m &amp#27;[2m[           main]&amp#27;[0;39m &amp#27;[2m&amp#27;[0;39m&amp#27;[36mo.s.data.mongodb.core.MongoTemplate     &amp#27;[0;39m &amp#27;[2m:&amp#27;[0;39m Executing count: { "message" : "Stress Log #9", "level" : "INFO"} in collection: logs
&amp#27;[2m2025-04-26T12:55:49.267+05:30&amp#27;[0;39m &amp#27;[32mDEBUG&amp#27;[0;39m &amp#27;[35m69975&amp#27;[0;39m &amp#27;[2m---&amp#27;[0;39m &amp#27;[2m[           main]&amp#27;[0;39m &amp#27;[2m&amp#27;[0;39m&amp#27;[36mo.s.d.m.r.query.MongoQueryCreator       &amp#27;[0;39m &amp#27;[2m:&amp#27;[0;39m Created query Query: { "message" : "Stress Log #10", "level" : { "$java" : INFO } }, Fields: {}, Sort: {}
&amp#27;[2m2025-04-26T12:55:49.267+05:30&amp#27;[0;39m &amp#27;[32mDEBUG&amp#27;[0;39m &amp#27;[35m69975&amp#27;[0;39m &amp#27;[2m---&amp#27;[0;39m &amp#27;[2m[           main]&amp#27;[0;39m &amp#27;[2m&amp#27;[0;39m&amp#27;[36mo.s.data.mongodb.core.MongoTemplate     &amp#27;[0;39m &amp#27;[2m:&amp#27;[0;39m Executing count: { "message" : "Stress Log #10", "level" : "INFO"} in collection: logs
&amp#27;[2m2025-04-26T12:55:49.269+05:30&amp#27;[0;39m &amp#27;[32mDEBUG&amp#27;[0;39m &amp#27;[35m69975&amp#27;[0;39m &amp#27;[2m---&amp#27;[0;39m &amp#27;[2m[           main]&amp#27;[0;39m &amp#27;[2m&amp#27;[0;39m&amp#27;[36mo.s.d.m.r.query.MongoQueryCreator       &amp#27;[0;39m &amp#27;[2m:&amp#27;[0;39m Created query Query: { "message" : "Stress Log #11", "level" : { "$java" : INFO } }, Fields: {}, Sort: {}
&amp#27;[2m2025-04-26T12:55:49.269+05:30&amp#27;[0;39m &amp#27;[32mDEBUG&amp#27;[0;39m &amp#27;[35m69975&amp#27;[0;39m &amp#27;[2m---&amp#27;[0;39m &amp#27;[2m[           main]&amp#27;[0;39m &amp#27;[2m&amp#27;[0;39m&amp#27;[36mo.s.data.mongodb.core.MongoTemplate     &amp#27;[0;39m &amp#27;[2m:&amp#27;[0;39m Executing count: { "message" : "Stress Log #11", "level" : "INFO"} in collection: logs
&amp#27;[2m2025-04-26T12:55:49.271+05:30&amp#27;[0;39m &amp#27;[32mDEBUG&amp#27;[0;39m &amp#27;[35m69975&amp#27;[0;39m &amp#27;[2m---&amp#27;[0;39m &amp#27;[2m[           main]&amp#27;[0;39m &amp#27;[2m&amp#27;[0;39m&amp#27;[36mo.s.d.m.r.query.MongoQueryCreator       &amp#27;[0;39m &amp#27;[2m:&amp#27;[0;39m Created query Query: { "message" : "Stress Log #12", "level" : { "$java" : INFO } }, Fields: {}, Sort: {}
&amp#27;[2m2025-04-26T12:55:49.271+05:30&amp#27;[0;39m &amp#27;[32mDEBUG&amp#27;[0;39m &amp#27;[35m69975&amp#27;[0;39m &amp#27;[2m---&amp#27;[0;39m &amp#27;[2m[           main]&amp#27;[0;39m &amp#27;[2m&amp#27;[0;39m&amp#27;[36mo.s.data.mongodb.core.MongoTemplate     &amp#27;[0;39m &amp#27;[2m:&amp#27;[0;39m Executing count: { "message" : "Stress Log #12", "level" : "INFO"} in collection: logs
&amp#27;[2m2025-04-26T12:55:49.273+05:30&amp#27;[0;39m &amp#27;[32mDEBUG&amp#27;[0;39m &amp#27;[35m69975&amp#27;[0;39m &amp#27;[2m---&amp#27;[0;39m &amp#27;[2m[           main]&amp#27;[0;39m &amp#27;[2m&amp#27;[0;39m&amp#27;[36mo.s.d.m.r.query.MongoQueryCreator       &amp#27;[0;39m &amp#27;[2m:&amp#27;[0;39m Created query Query: { "message" : "Stress Log #13", "level" : { "$java" : INFO } }, Fields: {}, Sort: {}
&amp#27;[2m2025-04-26T12:55:49.273+05:30&amp#27;[0;39m &amp#27;[32mDEBUG&amp#27;[0;39m &amp#27;[35m69975&amp#27;[0;39m &amp#27;[2m---&amp#27;[0;39m &amp#27;[2m[           main]&amp#27;[0;39m &amp#27;[2m&amp#27;[0;39m&amp#27;[36mo.s.data.mongodb.core.MongoTemplate     &amp#27;[0;39m &amp#27;[2m:&amp#27;[0;39m Executing count: { "message" : "Stress Log #13", "level" : "INFO"} in collection: logs
&amp#27;[2m2025-04-26T12:55:49.275+05:30&amp#27;[0;39m &amp#27;[32mDEBUG&amp#27;[0;39m &amp#27;[35m69975&amp#27;[0;39m &amp#27;[2m---&amp#27;[0;39m &amp#27;[2m[           main]&amp#27;[0;39m &amp#27;[2m&amp#27;[0;39m&amp#27;[36mo.s.d.m.r.query.MongoQueryCreator       &amp#27;[0;39m &amp#27;[2m:&amp#27;[0;39m Created query Query: { "message" : "Stress Log #14", "level" : { "$java" : INFO } }, Fields: {}, Sort: {}
&amp#27;[2m2025-04-26T12:55:49.275+05:30&amp#27;[0;39m &amp#27;[32mDEBUG&amp#27;[0;39m &amp#27;[35m69975&amp#27;[0;39m &amp#27;[2m---&amp#27;[0;39m &amp#27;[2m[           main]&amp#27;[0;39m &amp#27;[2m&amp#27;[0;39m&amp#27;[36mo.s.data.mongodb.core.MongoTemplate     &amp#27;[0;39m &amp#27;[2m:&amp#27;[0;39m Executing count: { "message" : "Stress Log #14", "level" : "INFO"} in collection: logs
&amp#27;[2m2025-04-26T12:55:49.277+05:30&amp#27;[0;39m &amp#27;[32mDEBUG&amp#27;[0;39m &amp#27;[35m69975&amp#27;[0;39m &amp#27;[2m---&amp#27;[0;39m &amp#27;[2m[           main]&amp#27;[0;39m &amp#27;[2m&amp#27;[0;39m&amp#27;[36mo.s.d.m.r.query.MongoQueryCreator       &amp#27;[0;39m &amp#27;[2m:&amp#27;[0;39m Created query Query: { "message" : "Stress Log #15", "level" : { "$java" : INFO } }, Fields: {}, Sort: {}
&amp#27;[2m2025-04-26T12:55:49.277+05:30&amp#27;[0;39m &amp#27;[32mDEBUG&amp#27;[0;39m &amp#27;[35m69975&amp#27;[0;39m &amp#27;[2m---&amp#27;[0;39m &amp#27;[2m[           main]&amp#27;[0;39m &amp#27;[2m&amp#27;[0;39m&amp#27;[36mo.s.data.mongodb.core.MongoTemplate     &amp#27;[0;39m &amp#27;[2m:&amp#27;[0;39m Executing count: { "message" : "Stress Log #15", "level" : "INFO"} in collection: logs
&amp#27;[2m2025-04-26T12:55:49.279+05:30&amp#27;[0;39m &amp#27;[32mDEBUG&amp#27;[0;39m &amp#27;[35m69975&amp#27;[0;39m &amp#27;[2m---&amp#27;[0;39m &amp#27;[2m[           main]&amp#27;[0;39m &amp#27;[2m&amp#27;[0;39m&amp#27;[36mo.s.d.m.r.query.MongoQueryCreator       &amp#27;[0;39m &amp#27;[2m:&amp#27;[0;39m Created query Query: { "message" : "Stress Log #16", "level" : { "$java" : INFO } }, Fields: {}, Sort: {}
&amp#27;[2m2025-04-26T12:55:49.279+05:30&amp#27;[0;39m &amp#27;[32mDEBUG&amp#27;[0;39m &amp#27;[35m69975&amp#27;[0;39m &amp#27;[2m---&amp#27;[0;39m &amp#27;[2m[           main]&amp#27;[0;39m &amp#27;[2m&amp#27;[0;39m&amp#27;[36mo.s.data.mongodb.core.MongoTemplate     &amp#27;[0;39m &amp#27;[2m:&amp#27;[0;39m Executing count: { "message" : "Stress Log #16", "level" : "INFO"} in collection: logs
&amp#27;[2m2025-04-26T12:55:49.281+05:30&amp#27;[0;39m &amp#27;[32mDEBUG&amp#27;[0;39m &amp#27;[35m69975&amp#27;[0;39m &amp#27;[2m---&amp#27;[0;39m &amp#27;[2m[           main]&amp#27;[0;39m &amp#27;[2m&amp#27;[0;39m&amp#27;[36mo.s.d.m.r.query.MongoQueryCreator       &amp#27;[0;39m &amp#27;[2m:&amp#27;[0;39m Created query Query: { "message" : "Stress Log #17", "level" : { "$java" : INFO } }, Fields: {}, Sort: {}
&amp#27;[2m2025-04-26T12:55:49.281+05:30&amp#27;[0;39m &amp#27;[32mDEBUG&amp#27;[0;39m &amp#27;[35m69975&amp#27;[0;39m &amp#27;[2m---&amp#27;[0;39m &amp#27;[2m[           main]&amp#27;[0;39m &amp#27;[2m&amp#27;[0;39m&amp#27;[36mo.s.data.mongodb.core.MongoTemplate     &amp#27;[0;39m &amp#27;[2m:&amp#27;[0;39m Executing count: { "message" : "Stress Log #17", "level" : "INFO"} in collection: logs
&amp#27;[2m2025-04-26T12:55:49.282+05:30&amp#27;[0;39m &amp#27;[32mDEBUG&amp#27;[0;39m &amp#27;[35m69975&amp#27;[0;39m &amp#27;[2m---&amp#27;[0;39m &amp#27;[2m[           main]&amp#27;[0;39m &amp#27;[2m&amp#27;[0;39m&amp#27;[36mo.s.d.m.r.query.MongoQueryCreator       &amp#27;[0;39m &amp#27;[2m:&amp#27;[0;39m Created query Query: { "message" : "Stress Log #18", "level" : { "$java" : INFO } }, Fields: {}, Sort: {}
&amp#27;[2m2025-04-26T12:55:49.283+05:30&amp#27;[0;39m &amp#27;[32mDEBUG&amp#27;[0;39m &amp#27;[35m69975&amp#27;[0;39m &amp#27;[2m---&amp#27;[0;39m &amp#27;[2m[           main]&amp#27;[0;39m &amp#27;[2m&amp#27;[0;39m&amp#27;[36mo.s.data.mongodb.core.MongoTemplate     &amp#27;[0;39m &amp#27;[2m:&amp#27;[0;39m Executing count: { "message" : "Stress Log #18", "level" : "INFO"} in collection: logs
&amp#27;[2m2025-04-26T12:55:49.284+05:30&amp#27;[0;39m &amp#27;[32mDEBUG&amp#27;[0;39m &amp#27;[35m69975&amp#27;[0;39m &amp#27;[2m---&amp#27;[0;39m &amp#27;[2m[           main]&amp#27;[0;39m &amp#27;[2m&amp#27;[0;39m&amp#27;[36mo.s.d.m.r.query.MongoQueryCreator       &amp#27;[0;39m &amp#27;[2m:&amp#27;[0;39m Created query Query: { "message" : "Stress Log #19", "level" : { "$java" : INFO } }, Fields: {}, Sort: {}
&amp#27;[2m2025-04-26T12:55:49.285+05:30&amp#27;[0;39m &amp#27;[32mDEBUG&amp#27;[0;39m &amp#27;[35m69975&amp#27;[0;39m &amp#27;[2m---&amp#27;[0;39m &amp#27;[2m[           main]&amp#27;[0;39m &amp#27;[2m&amp#27;[0;39m&amp#27;[36mo.s.data.mongodb.core.MongoTemplate     &amp#27;[0;39m &amp#27;[2m:&amp#27;[0;39m Executing count: { "message" : "Stress Log #19", "level" : "INFO"} in collection: logs
&amp#27;[2m2025-04-26T12:55:49.286+05:30&amp#27;[0;39m &amp#27;[32mDEBUG&amp#27;[0;39m &amp#27;[35m69975&amp#27;[0;39m &amp#27;[2m---&amp#27;[0;39m &amp#27;[2m[           main]&amp#27;[0;39m &amp#27;[2m&amp#27;[0;39m&amp#27;[36mo.s.d.m.r.query.MongoQueryCreator       &amp#27;[0;39m &amp#27;[2m:&amp#27;[0;39m Created query Query: { "message" : "Stress Log #20", "level" : { "$java" : INFO } }, Fields: {}, Sort: {}
&amp#27;[2m2025-04-26T12:55:49.286+05:30&amp#27;[0;39m &amp#27;[32mDEBUG&amp#27;[0;39m &amp#27;[35m69975&amp#27;[0;39m &amp#27;[2m---&amp#27;[0;39m &amp#27;[2m[           main]&amp#27;[0;39m &amp#27;[2m&amp#27;[0;39m&amp#27;[36mo.s.data.mongodb.core.MongoTemplate     &amp#27;[0;39m &amp#27;[2m:&amp#27;[0;39m Executing count: { "message" : "Stress Log #20", "level" : "INFO"} in collection: logs
&amp#27;[2m2025-04-26T12:55:49.288+05:30&amp#27;[0;39m &amp#27;[32mDEBUG&amp#27;[0;39m &amp#27;[35m69975&amp#27;[0;39m &amp#27;[2m---&amp#27;[0;39m &amp#27;[2m[           main]&amp#27;[0;39m &amp#27;[2m&amp#27;[0;39m&amp#27;[36mo.s.d.m.r.query.MongoQueryCreator       &amp#27;[0;39m &amp#27;[2m:&amp#27;[0;39m Created query Query: { "message" : "Stress Log #21", "level" : { "$java" : INFO } }, Fields: {}, Sort: {}
&amp#27;[2m2025-04-26T12:55:49.288+05:30&amp#27;[0;39m &amp#27;[32mDEBUG&amp#27;[0;39m &amp#27;[35m69975&amp#27;[0;39m &amp#27;[2m---&amp#27;[0;39m &amp#27;[2m[           main]&amp#27;[0;39m &amp#27;[2m&amp#27;[0;39m&amp#27;[36mo.s.data.mongodb.core.MongoTemplate     &amp#27;[0;39m &amp#27;[2m:&amp#27;[0;39m Executing count: { "message" : "Stress Log #21", "level" : "INFO"} in collection: logs
&amp#27;[2m2025-04-26T12:55:49.289+05:30&amp#27;[0;39m &amp#27;[32mDEBUG&amp#27;[0;39m &amp#27;[35m69975&amp#27;[0;39m &amp#27;[2m---&amp#27;[0;39m &amp#27;[2m[           main]&amp#27;[0;39m &amp#27;[2m&amp#27;[0;39m&amp#27;[36mo.s.d.m.r.query.MongoQueryCreator       &amp#27;[0;39m &amp#27;[2m:&amp#27;[0;39m Created query Query: { "message" : "Stress Log #22", "level" : { "$java" : INFO } }, Fields: {}, Sort: {}
&amp#27;[2m2025-04-26T12:55:49.290+05:30&amp#27;[0;39m &amp#27;[32mDEBUG&amp#27;[0;39m &amp#27;[35m69975&amp#27;[0;39m &amp#27;[2m---&amp#27;[0;39m &amp#27;[2m[           main]&amp#27;[0;39m &amp#27;[2m&amp#27;[0;39m&amp#27;[36mo.s.data.mongodb.core.MongoTemplate     &amp#27;[0;39m &amp#27;[2m:&amp#27;[0;39m Executing count: { "message" : "Stress Log #22", "level" : "INFO"} in collection: logs
&amp#27;[2m2025-04-26T12:55:49.291+05:30&amp#27;[0;39m &amp#27;[32mDEBUG&amp#27;[0;39m &amp#27;[35m69975&amp#27;[0;39m &amp#27;[2m---&amp#27;[0;39m &amp#27;[2m[           main]&amp#27;[0;39m &amp#27;[2m&amp#27;[0;39m&amp#27;[36mo.s.d.m.r.query.MongoQueryCreator       &amp#27;[0;39m &amp#27;[2m:&amp#27;[0;39m Created query Query: { "message" : "Stress Log #23", "level" : { "$java" : INFO } }, Fields: {}, Sort: {}
&amp#27;[2m2025-04-26T12:55:49.291+05:30&amp#27;[0;39m &amp#27;[32mDEBUG&amp#27;[0;39m &amp#27;[35m69975&amp#27;[0;39m &amp#27;[2m---&amp#27;[0;39m &amp#27;[2m[           main]&amp#27;[0;39m &amp#27;[2m&amp#27;[0;39m&amp#27;[36mo.s.data.mongodb.core.MongoTemplate     &amp#27;[0;39m &amp#27;[2m:&amp#27;[0;39m Executing count: { "message" : "Stress Log #23", "level" : "INFO"} in collection: logs
&amp#27;[2m2025-04-26T12:55:49.293+05:30&amp#27;[0;39m &amp#27;[32mDEBUG&amp#27;[0;39m &amp#27;[35m69975&amp#27;[0;39m &amp#27;[2m---&amp#27;[0;39m &amp#27;[2m[           main]&amp#27;[0;39m &amp#27;[2m&amp#27;[0;39m&amp#27;[36mo.s.d.m.r.query.MongoQueryCreator       &amp#27;[0;39m &amp#27;[2m:&amp#27;[0;39m Created query Query: { "message" : "Stress Log #24", "level" : { "$java" : INFO } }, Fields: {}, Sort: {}
&amp#27;[2m2025-04-26T12:55:49.293+05:30&amp#27;[0;39m &amp#27;[32mDEBUG&amp#27;[0;39m &amp#27;[35m69975&amp#27;[0;39m &amp#27;[2m---&amp#27;[0;39m &amp#27;[2m[           main]&amp#27;[0;39m &amp#27;[2m&amp#27;[0;39m&amp#27;[36mo.s.data.mongodb.core.MongoTemplate     &amp#27;[0;39m &amp#27;[2m:&amp#27;[0;39m Executing count: { "message" : "Stress Log #24", "level" : "INFO"} in collection: logs
&amp#27;[2m2025-04-26T12:55:49.294+05:30&amp#27;[0;39m &amp#27;[32mDEBUG&amp#27;[0;39m &amp#27;[35m69975&amp#27;[0;39m &amp#27;[2m---&amp#27;[0;39m &amp#27;[2m[           main]&amp#27;[0;39m &amp#27;[2m&amp#27;[0;39m&amp#27;[36mo.s.d.m.r.query.MongoQueryCreator       &amp#27;[0;39m &amp#27;[2m:&amp#27;[0;39m Created query Query: { "message" : "Stress Log #25", "level" : { "$java" : INFO } }, Fields: {}, Sort: {}
&amp#27;[2m2025-04-26T12:55:49.295+05:30&amp#27;[0;39m &amp#27;[32mDEBUG&amp#27;[0;39m &amp#27;[35m69975&amp#27;[0;39m &amp#27;[2m---&amp#27;[0;39m &amp#27;[2m[           main]&amp#27;[0;39m &amp#27;[2m&amp#27;[0;39m&amp#27;[36mo.s.data.mongodb.core.MongoTemplate     &amp#27;[0;39m &amp#27;[2m:&amp#27;[0;39m Executing count: { "message" : "Stress Log #25", "level" : "INFO"} in collection: logs
&amp#27;[2m2025-04-26T12:55:49.296+05:30&amp#27;[0;39m &amp#27;[32mDEBUG&amp#27;[0;39m &amp#27;[35m69975&amp#27;[0;39m &amp#27;[2m---&amp#27;[0;39m &amp#27;[2m[           main]&amp#27;[0;39m &amp#27;[2m&amp#27;[0;39m&amp#27;[36mo.s.d.m.r.query.MongoQueryCreator       &amp#27;[0;39m &amp#27;[2m:&amp#27;[0;39m Created query Query: { "message" : "Stress Log #26", "level" : { "$java" : INFO } }, Fields: {}, Sort: {}
&amp#27;[2m2025-04-26T12:55:49.296+05:30&amp#27;[0;39m &amp#27;[32mDEBUG&amp#27;[0;39m &amp#27;[35m69975&amp#27;[0;39m &amp#27;[2m---&amp#27;[0;39m &amp#27;[2m[           main]&amp#27;[0;39m &amp#27;[2m&amp#27;[0;39m&amp#27;[36mo.s.data.mongodb.core.MongoTemplate     &amp#27;[0;39m &amp#27;[2m:&amp#27;[0;39m Executing count: { "message" : "Stress Log #26", "level" : "INFO"} in collection: logs
&amp#27;[2m2025-04-26T12:55:49.298+05:30&amp#27;[0;39m &amp#27;[32mDEBUG&amp#27;[0;39m &amp#27;[35m69975&amp#27;[0;39m &amp#27;[2m---&amp#27;[0;39m &amp#27;[2m[           main]&amp#27;[0;39m &amp#27;[2m&amp#27;[0;39m&amp#27;[36mo.s.d.m.r.query.MongoQueryCreator       &amp#27;[0;39m &amp#27;[2m:&amp#27;[0;39m Created query Query: { "message" : "Stress Log #27", "level" : { "$java" : INFO } }, Fields: {}, Sort: {}
&amp#27;[2m2025-04-26T12:55:49.298+05:30&amp#27;[0;39m &amp#27;[32mDEBUG&amp#27;[0;39m &amp#27;[35m69975&amp#27;[0;39m &amp#27;[2m---&amp#27;[0;39m &amp#27;[2m[           main]&amp#27;[0;39m &amp#27;[2m&amp#27;[0;39m&amp#27;[36mo.s.data.mongodb.core.MongoTemplate     &amp#27;[0;39m &amp#27;[2m:&amp#27;[0;39m Executing count: { "message" : "Stress Log #27", "level" : "INFO"} in collection: logs
&amp#27;[2m2025-04-26T12:55:49.300+05:30&amp#27;[0;39m &amp#27;[32mDEBUG&amp#27;[0;39m &amp#27;[35m69975&amp#27;[0;39m &amp#27;[2m---&amp#27;[0;39m &amp#27;[2m[           main]&amp#27;[0;39m &amp#27;[2m&amp#27;[0;39m&amp#27;[36mo.s.d.m.r.query.MongoQueryCreator       &amp#27;[0;39m &amp#27;[2m:&amp#27;[0;39m Created query Query: { "message" : "Stress Log #28", "level" : { "$java" : INFO } }, Fields: {}, Sort: {}
&amp#27;[2m2025-04-26T12:55:49.301+05:30&amp#27;[0;39m &amp#27;[32mDEBUG&amp#27;[0;39m &amp#27;[35m69975&amp#27;[0;39m &amp#27;[2m---&amp#27;[0;39m &amp#27;[2m[           main]&amp#27;[0;39m &amp#27;[2m&amp#27;[0;39m&amp#27;[36mo.s.data.mongodb.core.MongoTemplate     &amp#27;[0;39m &amp#27;[2m:&amp#27;[0;39m Executing count: { "message" : "Stress Log #28", "level" : "INFO"} in collection: logs
&amp#27;[2m2025-04-26T12:55:49.303+05:30&amp#27;[0;39m &amp#27;[32mDEBUG&amp#27;[0;39m &amp#27;[35m69975&amp#27;[0;39m &amp#27;[2m---&amp#27;[0;39m &amp#27;[2m[           main]&amp#27;[0;39m &amp#27;[2m&amp#27;[0;39m&amp#27;[36mo.s.d.m.r.query.MongoQueryCreator       &amp#27;[0;39m &amp#27;[2m:&amp#27;[0;39m Created query Query: { "message" : "Stress Log #29", "level" : { "$java" : INFO } }, Fields: {}, Sort: {}
&amp#27;[2m2025-04-26T12:55:49.303+05:30&amp#27;[0;39m &amp#27;[32mDEBUG&amp#27;[0;39m &amp#27;[35m69975&amp#27;[0;39m &amp#27;[2m---&amp#27;[0;39m &amp#27;[2m[           main]&amp#27;[0;39m &amp#27;[2m&amp#27;[0;39m&amp#27;[36mo.s.data.mongodb.core.MongoTemplate     &amp#27;[0;39m &amp#27;[2m:&amp#27;[0;39m Executing count: { "message" : "Stress Log #29", "level" : "INFO"} in collection: logs
&amp#27;[2m2025-04-26T12:55:49.305+05:30&amp#27;[0;39m &amp#27;[32mDEBUG&amp#27;[0;39m &amp#27;[35m69975&amp#27;[0;39m &amp#27;[2m---&amp#27;[0;39m &amp#27;[2m[           main]&amp#27;[0;39m &amp#27;[2m&amp#27;[0;39m&amp#27;[36mo.s.d.m.r.query.MongoQueryCreator       &amp#27;[0;39m &amp#27;[2m:&amp#27;[0;39m Created query Query: { "message" : "Stress Log #30", "level" : { "$java" : INFO } }, Fields: {}, Sort: {}
&amp#27;[2m2025-04-26T12:55:49.305+05:30&amp#27;[0;39m &amp#27;[32mDEBUG&amp#27;[0;39m &amp#27;[35m69975&amp#27;[0;39m &amp#27;[2m---&amp#27;[0;39m &amp#27;[2m[           main]&amp#27;[0;39m &amp#27;[2m&amp#27;[0;39m&amp#27;[36mo.s.data.mongodb.core.MongoTemplate     &amp#27;[0;39m &amp#27;[2m:&amp#27;[0;39m Executing count: { "message" : "Stress Log #30", "level" : "INFO"} in collection: logs
&amp#27;[2m2025-04-26T12:55:49.307+05:30&amp#27;[0;39m &amp#27;[32mDEBUG&amp#27;[0;39m &amp#27;[35m69975&amp#27;[0;39m &amp#27;[2m---&amp#27;[0;39m &amp#27;[2m[           main]&amp#27;[0;39m &amp#27;[2m&amp#27;[0;39m&amp#27;[36mo.s.d.m.r.query.MongoQueryCreator       &amp#27;[0;39m &amp#27;[2m:&amp#27;[0;39m Created query Query: { "message" : "Stress Log #31", "level" : { "$java" : INFO } }, Fields: {}, Sort: {}
&amp#27;[2m2025-04-26T12:55:49.308+05:30&amp#27;[0;39m &amp#27;[32mDEBUG&amp#27;[0;39m &amp#27;[35m69975&amp#27;[0;39m &amp#27;[2m---&amp#27;[0;39m &amp#27;[2m[           main]&amp#27;[0;39m &amp#27;[2m&amp#27;[0;39m&amp#27;[36mo.s.data.mongodb.core.MongoTemplate     &amp#27;[0;39m &amp#27;[2m:&amp#27;[0;39m Executing count: { "message" : "Stress Log #31", "level" : "INFO"} in collection: logs
&amp#27;[2m2025-04-26T12:55:49.309+05:30&amp#27;[0;39m &amp#27;[32mDEBUG&amp#27;[0;39m &amp#27;[35m69975&amp#27;[0;39m &amp#27;[2m---&amp#27;[0;39m &amp#27;[2m[           main]&amp#27;[0;39m &amp#27;[2m&amp#27;[0;39m&amp#27;[36mo.s.d.m.r.query.MongoQueryCreator       &amp#27;[0;39m &amp#27;[2m:&amp#27;[0;39m Created query Query: { "message" : "Stress Log #32", "level" : { "$java" : INFO } }, Fields: {}, Sort: {}
&amp#27;[2m2025-04-26T12:55:49.310+05:30&amp#27;[0;39m &amp#27;[32mDEBUG&amp#27;[0;39m &amp#27;[35m69975&amp#27;[0;39m &amp#27;[2m---&amp#27;[0;39m &amp#27;[2m[           main]&amp#27;[0;39m &amp#27;[2m&amp#27;[0;39m&amp#27;[36mo.s.data.mongodb.core.MongoTemplate     &amp#27;[0;39m &amp#27;[2m:&amp#27;[0;39m Executing count: { "message" : "Stress Log #32", "level" : "INFO"} in collection: logs
&amp#27;[2m2025-04-26T12:55:49.311+05:30&amp#27;[0;39m &amp#27;[32mDEBUG&amp#27;[0;39m &amp#27;[35m69975&amp#27;[0;39m &amp#27;[2m---&amp#27;[0;39m &amp#27;[2m[           main]&amp#27;[0;39m &amp#27;[2m&amp#27;[0;39m&amp#27;[36mo.s.d.m.r.query.MongoQueryCreator       &amp#27;[0;39m &amp#27;[2m:&amp#27;[0;39m Created query Query: { "message" : "Stress Log #33", "level" : { "$java" : INFO } }, Fields: {}, Sort: {}
&amp#27;[2m2025-04-26T12:55:49.312+05:30&amp#27;[0;39m &amp#27;[32mDEBUG&amp#27;[0;39m &amp#27;[35m69975&amp#27;[0;39m &amp#27;[2m---&amp#27;[0;39m &amp#27;[2m[           main]&amp#27;[0;39m &amp#27;[2m&amp#27;[0;39m&amp#27;[36mo.s.data.mongodb.core.MongoTemplate     &amp#27;[0;39m &amp#27;[2m:&amp#27;[0;39m Executing count: { "message" : "Stress Log #33", "level" : "INFO"} in collection: logs
&amp#27;[2m2025-04-26T12:55:49.313+05:30&amp#27;[0;39m &amp#27;[32mDEBUG&amp#27;[0;39m &amp#27;[35m69975&amp#27;[0;39m &amp#27;[2m---&amp#27;[0;39m &amp#27;[2m[           main]&amp#27;[0;39m &amp#27;[2m&amp#27;[0;39m&amp#27;[36mo.s.d.m.r.query.MongoQueryCreator       &amp#27;[0;39m &amp#27;[2m:&amp#27;[0;39m Created query Query: { "message" : "Stress Log #34", "level" : { "$java" : INFO } }, Fields: {}, Sort: {}
&amp#27;[2m2025-04-26T12:55:49.314+05:30&amp#27;[0;39m &amp#27;[32mDEBUG&amp#27;[0;39m &amp#27;[35m69975&amp#27;[0;39m &amp#27;[2m---&amp#27;[0;39m &amp#27;[2m[           main]&amp#27;[0;39m &amp#27;[2m&amp#27;[0;39m&amp#27;[36mo.s.data.mongodb.core.MongoTemplate     &amp#27;[0;39m &amp#27;[2m:&amp#27;[0;39m Executing count: { "message" : "Stress Log #34", "level" : "INFO"} in collection: logs
&amp#27;[2m2025-04-26T12:55:49.316+05:30&amp#27;[0;39m &amp#27;[32mDEBUG&amp#27;[0;39m &amp#27;[35m69975&amp#27;[0;39m &amp#27;[2m---&amp#27;[0;39m &amp#27;[2m[           main]&amp#27;[0;39m &amp#27;[2m&amp#27;[0;39m&amp#27;[36mo.s.d.m.r.query.MongoQueryCreator       &amp#27;[0;39m &amp#27;[2m:&amp#27;[0;39m Created query Query: { "message" : "Stress Log #35", "level" : { "$java" : INFO } }, Fields: {}, Sort: {}
&amp#27;[2m2025-04-26T12:55:49.316+05:30&amp#27;[0;39m &amp#27;[32mDEBUG&amp#27;[0;39m &amp#27;[35m69975&amp#27;[0;39m &amp#27;[2m---&amp#27;[0;39m &amp#27;[2m[           main]&amp#27;[0;39m &amp#27;[2m&amp#27;[0;39m&amp#27;[36mo.s.data.mongodb.core.MongoTemplate     &amp#27;[0;39m &amp#27;[2m:&amp#27;[0;39m Executing count: { "message" : "Stress Log #35", "level" : "INFO"} in collection: logs
&amp#27;[2m2025-04-26T12:55:49.318+05:30&amp#27;[0;39m &amp#27;[32mDEBUG&amp#27;[0;39m &amp#27;[35m69975&amp#27;[0;39m &amp#27;[2m---&amp#27;[0;39m &amp#27;[2m[           main]&amp#27;[0;39m &amp#27;[2m&amp#27;[0;39m&amp#27;[36mo.s.d.m.r.query.MongoQueryCreator       &amp#27;[0;39m &amp#27;[2m:&amp#27;[0;39m Created query Query: { "message" : "Stress Log #36", "level" : { "$java" : INFO } }, Fields: {}, Sort: {}
&amp#27;[2m2025-04-26T12:55:49.319+05:30&amp#27;[0;39m &amp#27;[32mDEBUG&amp#27;[0;39m &amp#27;[35m69975&amp#27;[0;39m &amp#27;[2m---&amp#27;[0;39m &amp#27;[2m[           main]&amp#27;[0;39m &amp#27;[2m&amp#27;[0;39m&amp#27;[36mo.s.data.mongodb.core.MongoTemplate     &amp#27;[0;39m &amp#27;[2m:&amp#27;[0;39m Executing count: { "message" : "Stress Log #36", "level" : "INFO"} in collection: logs
&amp#27;[2m2025-04-26T12:55:49.320+05:30&amp#27;[0;39m &amp#27;[32mDEBUG&amp#27;[0;39m &amp#27;[35m69975&amp#27;[0;39m &amp#27;[2m---&amp#27;[0;39m &amp#27;[2m[           main]&amp#27;[0;39m &amp#27;[2m&amp#27;[0;39m&amp#27;[36mo.s.d.m.r.query.MongoQueryCreator       &amp#27;[0;39m &amp#27;[2m:&amp#27;[0;39m Created query Query: { "message" : "Stress Log #37", "level" : { "$java" : INFO } }, Fields: {}, Sort: {}
&amp#27;[2m2025-04-26T12:55:49.321+05:30&amp#27;[0;39m &amp#27;[32mDEBUG&amp#27;[0;39m &amp#27;[35m69975&amp#27;[0;39m &amp#27;[2m---&amp#27;[0;39m &amp#27;[2m[           main]&amp#27;[0;39m &amp#27;[2m&amp#27;[0;39m&amp#27;[36mo.s.data.mongodb.core.MongoTemplate     &amp#27;[0;39m &amp#27;[2m:&amp#27;[0;39m Executing count: { "message" : "Stress Log #37", "level" : "INFO"} in collection: logs
&amp#27;[2m2025-04-26T12:55:49.322+05:30&amp#27;[0;39m &amp#27;[32mDEBUG&amp#27;[0;39m &amp#27;[35m69975&amp#27;[0;39m &amp#27;[2m---&amp#27;[0;39m &amp#27;[2m[           main]&amp#27;[0;39m &amp#27;[2m&amp#27;[0;39m&amp#27;[36mo.s.d.m.r.query.MongoQueryCreator       &amp#27;[0;39m &amp#27;[2m:&amp#27;[0;39m Created query Query: { "message" : "Stress Log #38", "level" : { "$java" : INFO } }, Fields: {}, Sort: {}
&amp#27;[2m2025-04-26T12:55:49.322+05:30&amp#27;[0;39m &amp#27;[32mDEBUG&amp#27;[0;39m &amp#27;[35m69975&amp#27;[0;39m &amp#27;[2m---&amp#27;[0;39m &amp#27;[2m[           main]&amp#27;[0;39m &amp#27;[2m&amp#27;[0;39m&amp#27;[36mo.s.data.mongodb.core.MongoTemplate     &amp#27;[0;39m &amp#27;[2m:&amp#27;[0;39m Executing count: { "message" : "Stress Log #38", "level" : "INFO"} in collection: logs
&amp#27;[2m2025-04-26T12:55:49.324+05:30&amp#27;[0;39m &amp#27;[32mDEBUG&amp#27;[0;39m &amp#27;[35m69975&amp#27;[0;39m &amp#27;[2m---&amp#27;[0;39m &amp#27;[2m[           main]&amp#27;[0;39m &amp#27;[2m&amp#27;[0;39m&amp#27;[36mo.s.d.m.r.query.MongoQueryCreator       &amp#27;[0;39m &amp#27;[2m:&amp#27;[0;39m Created query Query: { "message" : "Stress Log #39", "level" : { "$java" : INFO } }, Fields: {}, Sort: {}
&amp#27;[2m2025-04-26T12:55:49.324+05:30&amp#27;[0;39m &amp#27;[32mDEBUG&amp#27;[0;39m &amp#27;[35m69975&amp#27;[0;39m &amp#27;[2m---&amp#27;[0;39m &amp#27;[2m[           main]&amp#27;[0;39m &amp#27;[2m&amp#27;[0;39m&amp#27;[36mo.s.data.mongodb.core.MongoTemplate     &amp#27;[0;39m &amp#27;[2m:&amp#27;[0;39m Executing count: { "message" : "Stress Log #39", "level" : "INFO"} in collection: logs
&amp#27;[2m2025-04-26T12:55:49.325+05:30&amp#27;[0;39m &amp#27;[32mDEBUG&amp#27;[0;39m &amp#27;[35m69975&amp#27;[0;39m &amp#27;[2m---&amp#27;[0;39m &amp#27;[2m[           main]&amp#27;[0;39m &amp#27;[2m&amp#27;[0;39m&amp#27;[36mo.s.d.m.r.query.MongoQueryCreator       &amp#27;[0;39m &amp#27;[2m:&amp#27;[0;39m Created query Query: { "message" : "Stress Log #40", "level" : { "$java" : INFO } }, Fields: {}, Sort: {}
&amp#27;[2m2025-04-26T12:55:49.326+05:30&amp#27;[0;39m &amp#27;[32mDEBUG&amp#27;[0;39m &amp#27;[35m69975&amp#27;[0;39m &amp#27;[2m---&amp#27;[0;39m &amp#27;[2m[           main]&amp#27;[0;39m &amp#27;[2m&amp#27;[0;39m&amp#27;[36mo.s.data.mongodb.core.MongoTemplate     &amp#27;[0;39m &amp#27;[2m:&amp#27;[0;39m Executing count: { "message" : "Stress Log #40", "level" : "INFO"} in collection: logs
&amp#27;[2m2025-04-26T12:55:49.327+05:30&amp#27;[0;39m &amp#27;[32mDEBUG&amp#27;[0;39m &amp#27;[35m69975&amp#27;[0;39m &amp#27;[2m---&amp#27;[0;39m &amp#27;[2m[           main]&amp#27;[0;39m &amp#27;[2m&amp#27;[0;39m&amp#27;[36mo.s.d.m.r.query.MongoQueryCreator       &amp#27;[0;39m &amp#27;[2m:&amp#27;[0;39m Created query Query: { "message" : "Stress Log #41", "level" : { "$java" : INFO } }, Fields: {}, Sort: {}
&amp#27;[2m2025-04-26T12:55:49.327+05:30&amp#27;[0;39m &amp#27;[32mDEBUG&amp#27;[0;39m &amp#27;[35m69975&amp#27;[0;39m &amp#27;[2m---&amp#27;[0;39m &amp#27;[2m[           main]&amp#27;[0;39m &amp#27;[2m&amp#27;[0;39m&amp#27;[36mo.s.data.mongodb.core.MongoTemplate     &amp#27;[0;39m &amp#27;[2m:&amp#27;[0;39m Executing count: { "message" : "Stress Log #41", "level" : "INFO"} in collection: logs
&amp#27;[2m2025-04-26T12:55:49.328+05:30&amp#27;[0;39m &amp#27;[32mDEBUG&amp#27;[0;39m &amp#27;[35m69975&amp#27;[0;39m &amp#27;[2m---&amp#27;[0;39m &amp#27;[2m[           main]&amp#27;[0;39m &amp#27;[2m&amp#27;[0;39m&amp#27;[36mo.s.d.m.r.query.MongoQueryCreator       &amp#27;[0;39m &amp#27;[2m:&amp#27;[0;39m Created query Query: { "message" : "Stress Log #42", "level" : { "$java" : INFO } }, Fields: {}, Sort: {}
&amp#27;[2m2025-04-26T12:55:49.329+05:30&amp#27;[0;39m &amp#27;[32mDEBUG&amp#27;[0;39m &amp#27;[35m69975&amp#27;[0;39m &amp#27;[2m---&amp#27;[0;39m &amp#27;[2m[           main]&amp#27;[0;39m &amp#27;[2m&amp#27;[0;39m&amp#27;[36mo.s.data.mongodb.core.MongoTemplate     &amp#27;[0;39m &amp#27;[2m:&amp#27;[0;39m Executing count: { "message" : "Stress Log #42", "level" : "INFO"} in collection: logs
&amp#27;[2m2025-04-26T12:55:49.332+05:30&amp#27;[0;39m &amp#27;[32mDEBUG&amp#27;[0;39m &amp#27;[35m69975&amp#27;[0;39m &amp#27;[2m---&amp#27;[0;39m &amp#27;[2m[           main]&amp#27;[0;39m &amp#27;[2m&amp#27;[0;39m&amp#27;[36mo.s.d.m.r.query.MongoQueryCreator       &amp#27;[0;39m &amp#27;[2m:&amp#27;[0;39m Created query Query: { "message" : "Stress Log #43", "level" : { "$java" : INFO } }, Fields: {}, Sort: {}
&amp#27;[2m2025-04-26T12:55:49.332+05:30&amp#27;[0;39m &amp#27;[32mDEBUG&amp#27;[0;39m &amp#27;[35m69975&amp#27;[0;39m &amp#27;[2m---&amp#27;[0;39m &amp#27;[2m[           main]&amp#27;[0;39m &amp#27;[2m&amp#27;[0;39m&amp#27;[36mo.s.data.mongodb.core.MongoTemplate     &amp#27;[0;39m &amp#27;[2m:&amp#27;[0;39m Executing count: { "message" : "Stress Log #43", "level" : "INFO"} in collection: logs
&amp#27;[2m2025-04-26T12:55:49.334+05:30&amp#27;[0;39m &amp#27;[32mDEBUG&amp#27;[0;39m &amp#27;[35m69975&amp#27;[0;39m &amp#27;[2m---&amp#27;[0;39m &amp#27;[2m[           main]&amp#27;[0;39m &amp#27;[2m&amp#27;[0;39m&amp#27;[36mo.s.d.m.r.query.MongoQueryCreator       &amp#27;[0;39m &amp#27;[2m:&amp#27;[0;39m Created query Query: { "message" : "Stress Log #44", "level" : { "$java" : INFO } }, Fields: {}, Sort: {}
&amp#27;[2m2025-04-26T12:55:49.334+05:30&amp#27;[0;39m &amp#27;[32mDEBUG&amp#27;[0;39m &amp#27;[35m69975&amp#27;[0;39m &amp#27;[2m---&amp#27;[0;39m &amp#27;[2m[           main]&amp#27;[0;39m &amp#27;[2m&amp#27;[0;39m&amp#27;[36mo.s.data.mongodb.core.MongoTemplate     &amp#27;[0;39m &amp#27;[2m:&amp#27;[0;39m Executing count: { "message" : "Stress Log #44", "level" : "INFO"} in collection: logs
&amp#27;[2m2025-04-26T12:55:49.335+05:30&amp#27;[0;39m &amp#27;[32mDEBUG&amp#27;[0;39m &amp#27;[35m69975&amp#27;[0;39m &amp#27;[2m---&amp#27;[0;39m &amp#27;[2m[           main]&amp#27;[0;39m &amp#27;[2m&amp#27;[0;39m&amp#27;[36mo.s.d.m.r.query.MongoQueryCreator       &amp#27;[0;39m &amp#27;[2m:&amp#27;[0;39m Created query Query: { "message" : "Stress Log #45", "level" : { "$java" : INFO } }, Fields: {}, Sort: {}
&amp#27;[2m2025-04-26T12:55:49.336+05:30&amp#27;[0;39m &amp#27;[32mDEBUG&amp#27;[0;39m &amp#27;[35m69975&amp#27;[0;39m &amp#27;[2m---&amp#27;[0;39m &amp#27;[2m[           main]&amp#27;[0;39m &amp#27;[2m&amp#27;[0;39m&amp#27;[36mo.s.data.mongodb.core.MongoTemplate     &amp#27;[0;39m &amp#27;[2m:&amp#27;[0;39m Executing count: { "message" : "Stress Log #45", "level" : "INFO"} in collection: logs
&amp#27;[2m2025-04-26T12:55:49.337+05:30&amp#27;[0;39m &amp#27;[32mDEBUG&amp#27;[0;39m &amp#27;[35m69975&amp#27;[0;39m &amp#27;[2m---&amp#27;[0;39m &amp#27;[2m[           main]&amp#27;[0;39m &amp#27;[2m&amp#27;[0;39m&amp#27;[36mo.s.d.m.r.query.MongoQueryCreator       &amp#27;[0;39m &amp#27;[2m:&amp#27;[0;39m Created query Query: { "message" : "Stress Log #46", "level" : { "$java" : INFO } }, Fields: {}, Sort: {}
&amp#27;[2m2025-04-26T12:55:49.337+05:30&amp#27;[0;39m &amp#27;[32mDEBUG&amp#27;[0;39m &amp#27;[35m69975&amp#27;[0;39m &amp#27;[2m---&amp#27;[0;39m &amp#27;[2m[           main]&amp#27;[0;39m &amp#27;[2m&amp#27;[0;39m&amp#27;[36mo.s.data.mongodb.core.MongoTemplate     &amp#27;[0;39m &amp#27;[2m:&amp#27;[0;39m Executing count: { "message" : "Stress Log #46", "level" : "INFO"} in collection: logs
&amp#27;[2m2025-04-26T12:55:49.339+05:30&amp#27;[0;39m &amp#27;[32mDEBUG&amp#27;[0;39m &amp#27;[35m69975&amp#27;[0;39m &amp#27;[2m---&amp#27;[0;39m &amp#27;[2m[           main]&amp#27;[0;39m &amp#27;[2m&amp#27;[0;39m&amp#27;[36mo.s.d.m.r.query.MongoQueryCreator       &amp#27;[0;39m &amp#27;[2m:&amp#27;[0;39m Created query Query: { "message" : "Stress Log #47", "level" : { "$java" : INFO } }, Fields: {}, Sort: {}
&amp#27;[2m2025-04-26T12:55:49.339+05:30&amp#27;[0;39m &amp#27;[32mDEBUG&amp#27;[0;39m &amp#27;[35m69975&amp#27;[0;39m &amp#27;[2m---&amp#27;[0;39m &amp#27;[2m[           main]&amp#27;[0;39m &amp#27;[2m&amp#27;[0;39m&amp#27;[36mo.s.data.mongodb.core.MongoTemplate     &amp#27;[0;39m &amp#27;[2m:&amp#27;[0;39m Executing count: { "message" : "Stress Log #47", "level" : "INFO"} in collection: logs
&amp#27;[2m2025-04-26T12:55:49.340+05:30&amp#27;[0;39m &amp#27;[32mDEBUG&amp#27;[0;39m &amp#27;[35m69975&amp#27;[0;39m &amp#27;[2m---&amp#27;[0;39m &amp#27;[2m[           main]&amp#27;[0;39m &amp#27;[2m&amp#27;[0;39m&amp#27;[36mo.s.d.m.r.query.MongoQueryCreator       &amp#27;[0;39m &amp#27;[2m:&amp#27;[0;39m Created query Query: { "message" : "Stress Log #48", "level" : { "$java" : INFO } }, Fields: {}, Sort: {}
&amp#27;[2m2025-04-26T12:55:49.341+05:30&amp#27;[0;39m &amp#27;[32mDEBUG&amp#27;[0;39m &amp#27;[35m69975&amp#27;[0;39m &amp#27;[2m---&amp#27;[0;39m &amp#27;[2m[           main]&amp#27;[0;39m &amp#27;[2m&amp#27;[0;39m&amp#27;[36mo.s.data.mongodb.core.MongoTemplate     &amp#27;[0;39m &amp#27;[2m:&amp#27;[0;39m Executing count: { "message" : "Stress Log #48", "level" : "INFO"} in collection: logs
&amp#27;[2m2025-04-26T12:55:49.342+05:30&amp#27;[0;39m &amp#27;[32mDEBUG&amp#27;[0;39m &amp#27;[35m69975&amp#27;[0;39m &amp#27;[2m---&amp#27;[0;39m &amp#27;[2m[           main]&amp#27;[0;39m &amp#27;[2m&amp#27;[0;39m&amp#27;[36mo.s.d.m.r.query.MongoQueryCreator       &amp#27;[0;39m &amp#27;[2m:&amp#27;[0;39m Created query Query: { "message" : "Stress Log #49", "level" : { "$java" : INFO } }, Fields: {}, Sort: {}
&amp#27;[2m2025-04-26T12:55:49.342+05:30&amp#27;[0;39m &amp#27;[32mDEBUG&amp#27;[0;39m &amp#27;[35m69975&amp#27;[0;39m &amp#27;[2m---&amp#27;[0;39m &amp#27;[2m[           main]&amp#27;[0;39m &amp#27;[2m&amp#27;[0;39m&amp#27;[36mo.s.data.mongodb.core.MongoTemplate     &amp#27;[0;39m &amp#27;[2m:&amp#27;[0;39m Executing count: { "message" : "Stress Log #49", "level" : "INFO"} in collection: logs
&amp#27;[2m2025-04-26T12:55:49.344+05:30&amp#27;[0;39m &amp#27;[32mDEBUG&amp#27;[0;39m &amp#27;[35m69975&amp#27;[0;39m &amp#27;[2m---&amp#27;[0;39m &amp#27;[2m[           main]&amp#27;[0;39m &amp#27;[2m&amp#27;[0;39m&amp#27;[36mo.s.d.m.r.query.MongoQueryCreator       &amp#27;[0;39m &amp#27;[2m:&amp#27;[0;39m Created query Query: { "message" : "Stress Log #50", "level" : { "$java" : INFO } }, Fields: {}, Sort: {}
&amp#27;[2m2025-04-26T12:55:49.344+05:30&amp#27;[0;39m &amp#27;[32mDEBUG&amp#27;[0;39m &amp#27;[35m69975&amp#27;[0;39m &amp#27;[2m---&amp#27;[0;39m &amp#27;[2m[           main]&amp#27;[0;39m &amp#27;[2m&amp#27;[0;39m&amp#27;[36mo.s.data.mongodb.core.MongoTemplate     &amp#27;[0;39m &amp#27;[2m:&amp#27;[0;39m Executing count: { "message" : "Stress Log #50", "level" : "INFO"} in collection: logs
&amp#27;[2m2025-04-26T12:55:49.346+05:30&amp#27;[0;39m &amp#27;[32mDEBUG&amp#27;[0;39m &amp#27;[35m69975&amp#27;[0;39m &amp#27;[2m---&amp#27;[0;39m &amp#27;[2m[           main]&amp#27;[0;39m &amp#27;[2m&amp#27;[0;39m&amp#27;[36mo.s.d.m.r.query.MongoQueryCreator       &amp#27;[0;39m &amp#27;[2m:&amp#27;[0;39m Created query Query: { "message" : "Stress Log #51", "level" : { "$java" : INFO } }, Fields: {}, Sort: {}
&amp#27;[2m2025-04-26T12:55:49.346+05:30&amp#27;[0;39m &amp#27;[32mDEBUG&amp#27;[0;39m &amp#27;[35m69975&amp#27;[0;39m &amp#27;[2m---&amp#27;[0;39m &amp#27;[2m[           main]&amp#27;[0;39m &amp#27;[2m&amp#27;[0;39m&amp#27;[36mo.s.data.mongodb.core.MongoTemplate     &amp#27;[0;39m &amp#27;[2m:&amp#27;[0;39m Executing count: { "message" : "Stress Log #51", "level" : "INFO"} in collection: logs
&amp#27;[2m2025-04-26T12:55:49.349+05:30&amp#27;[0;39m &amp#27;[32mDEBUG&amp#27;[0;39m &amp#27;[35m69975&amp#27;[0;39m &amp#27;[2m---&amp#27;[0;39m &amp#27;[2m[           main]&amp#27;[0;39m &amp#27;[2m&amp#27;[0;39m&amp#27;[36mo.s.d.m.r.query.MongoQueryCreator       &amp#27;[0;39m &amp#27;[2m:&amp#27;[0;39m Created query Query: { "message" : "Stress Log #52", "level" : { "$java" : INFO } }, Fields: {}, Sort: {}
&amp#27;[2m2025-04-26T12:55:49.350+05:30&amp#27;[0;39m &amp#27;[32mDEBUG&amp#27;[0;39m &amp#27;[35m69975&amp#27;[0;39m &amp#27;[2m---&amp#27;[0;39m &amp#27;[2m[           main]&amp#27;[0;39m &amp#27;[2m&amp#27;[0;39m&amp#27;[36mo.s.data.mongodb.core.MongoTemplate     &amp#27;[0;39m &amp#27;[2m:&amp#27;[0;39m Executing count: { "message" : "Stress Log #52", "level" : "INFO"} in collection: logs
&amp#27;[2m2025-04-26T12:55:49.353+05:30&amp#27;[0;39m &amp#27;[32mDEBUG&amp#27;[0;39m &amp#27;[35m69975&amp#27;[0;39m &amp#27;[2m---&amp#27;[0;39m &amp#27;[2m[           main]&amp#27;[0;39m &amp#27;[2m&amp#27;[0;39m&amp#27;[36mo.s.d.m.r.query.MongoQueryCreator       &amp#27;[0;39m &amp#27;[2m:&amp#27;[0;39m Created query Query: { "message" : "Stress Log #53", "level" : { "$java" : INFO } }, Fields: {}, Sort: {}
&amp#27;[2m2025-04-26T12:55:49.353+05:30&amp#27;[0;39m &amp#27;[32mDEBUG&amp#27;[0;39m &amp#27;[35m69975&amp#27;[0;39m &amp#27;[2m---&amp#27;[0;39m &amp#27;[2m[           main]&amp#27;[0;39m &amp#27;[2m&amp#27;[0;39m&amp#27;[36mo.s.data.mongodb.core.MongoTemplate     &amp#27;[0;39m &amp#27;[2m:&amp#27;[0;39m Executing count: { "message" : "Stress Log #53", "level" : "INFO"} in collection: logs
&amp#27;[2m2025-04-26T12:55:49.355+05:30&amp#27;[0;39m &amp#27;[32mDEBUG&amp#27;[0;39m &amp#27;[35m69975&amp#27;[0;39m &amp#27;[2m---&amp#27;[0;39m &amp#27;[2m[           main]&amp#27;[0;39m &amp#27;[2m&amp#27;[0;39m&amp#27;[36mo.s.d.m.r.query.MongoQueryCreator       &amp#27;[0;39m &amp#27;[2m:&amp#27;[0;39m Created query Query: { "message" : "Stress Log #54", "level" : { "$java" : INFO } }, Fields: {}, Sort: {}
&amp#27;[2m2025-04-26T12:55:49.355+05:30&amp#27;[0;39m &amp#27;[32mDEBUG&amp#27;[0;39m &amp#27;[35m69975&amp#27;[0;39m &amp#27;[2m---&amp#27;[0;39m &amp#27;[2m[           main]&amp#27;[0;39m &amp#27;[2m&amp#27;[0;39m&amp#27;[36mo.s.data.mongodb.core.MongoTemplate     &amp#27;[0;39m &amp#27;[2m:&amp#27;[0;39m Executing count: { "message" : "Stress Log #54", "level" : "INFO"} in collection: logs
&amp#27;[2m2025-04-26T12:55:49.357+05:30&amp#27;[0;39m &amp#27;[32mDEBUG&amp#27;[0;39m &amp#27;[35m69975&amp#27;[0;39m &amp#27;[2m---&amp#27;[0;39m &amp#27;[2m[           main]&amp#27;[0;39m &amp#27;[2m&amp#27;[0;39m&amp#27;[36mo.s.d.m.r.query.MongoQueryCreator       &amp#27;[0;39m &amp#27;[2m:&amp#27;[0;39m Created query Query: { "message" : "Stress Log #55", "level" : { "$java" : INFO } }, Fields: {}, Sort: {}
&amp#27;[2m2025-04-26T12:55:49.358+05:30&amp#27;[0;39m &amp#27;[32mDEBUG&amp#27;[0;39m &amp#27;[35m69975&amp#27;[0;39m &amp#27;[2m---&amp#27;[0;39m &amp#27;[2m[           main]&amp#27;[0;39m &amp#27;[2m&amp#27;[0;39m&amp#27;[36mo.s.data.mongodb.core.MongoTemplate     &amp#27;[0;39m &amp#27;[2m:&amp#27;[0;39m Executing count: { "message" : "Stress Log #55", "level" : "INFO"} in collection: logs
&amp#27;[2m2025-04-26T12:55:49.360+05:30&amp#27;[0;39m &amp#27;[32mDEBUG&amp#27;[0;39m &amp#27;[35m69975&amp#27;[0;39m &amp#27;[2m---&amp#27;[0;39m &amp#27;[2m[           main]&amp#27;[0;39m &amp#27;[2m&amp#27;[0;39m&amp#27;[36mo.s.d.m.r.query.MongoQueryCreator       &amp#27;[0;39m &amp#27;[2m:&amp#27;[0;39m Created query Query: { "message" : "Stress Log #56", "level" : { "$java" : INFO } }, Fields: {}, Sort: {}
&amp#27;[2m2025-04-26T12:55:49.360+05:30&amp#27;[0;39m &amp#27;[32mDEBUG&amp#27;[0;39m &amp#27;[35m69975&amp#27;[0;39m &amp#27;[2m---&amp#27;[0;39m &amp#27;[2m[           main]&amp#27;[0;39m &amp#27;[2m&amp#27;[0;39m&amp#27;[36mo.s.data.mongodb.core.MongoTemplate     &amp#27;[0;39m &amp#27;[2m:&amp#27;[0;39m Executing count: { "message" : "Stress Log #56", "level" : "INFO"} in collection: logs
&amp#27;[2m2025-04-26T12:55:49.362+05:30&amp#27;[0;39m &amp#27;[32mDEBUG&amp#27;[0;39m &amp#27;[35m69975&amp#27;[0;39m &amp#27;[2m---&amp#27;[0;39m &amp#27;[2m[           main]&amp#27;[0;39m &amp#27;[2m&amp#27;[0;39m&amp#27;[36mo.s.d.m.r.query.MongoQueryCreator       &amp#27;[0;39m &amp#27;[2m:&amp#27;[0;39m Created query Query: { "message" : "Stress Log #57", "level" : { "$java" : INFO } }, Fields: {}, Sort: {}
&amp#27;[2m2025-04-26T12:55:49.362+05:30&amp#27;[0;39m &amp#27;[32mDEBUG&amp#27;[0;39m &amp#27;[35m69975&amp#27;[0;39m &amp#27;[2m---&amp#27;[0;39m &amp#27;[2m[           main]&amp#27;[0;39m &amp#27;[2m&amp#27;[0;39m&amp#27;[36mo.s.data.mongodb.core.MongoTemplate     &amp#27;[0;39m &amp#27;[2m:&amp#27;[0;39m Executing count: { "message" : "Stress Log #57", "level" : "INFO"} in collection: logs
&amp#27;[2m2025-04-26T12:55:49.364+05:30&amp#27;[0;39m &amp#27;[32mDEBUG&amp#27;[0;39m &amp#27;[35m69975&amp#27;[0;39m &amp#27;[2m---&amp#27;[0;39m &amp#27;[2m[           main]&amp#27;[0;39m &amp#27;[2m&amp#27;[0;39m&amp#27;[36mo.s.d.m.r.query.MongoQueryCreator       &amp#27;[0;39m &amp#27;[2m:&amp#27;[0;39m Created query Query: { "message" : "Stress Log #58", "level" : { "$java" : INFO } }, Fields: {}, Sort: {}
&amp#27;[2m2025-04-26T12:55:49.364+05:30&amp#27;[0;39m &amp#27;[32mDEBUG&amp#27;[0;39m &amp#27;[35m69975&amp#27;[0;39m &amp#27;[2m---&amp#27;[0;39m &amp#27;[2m[           main]&amp#27;[0;39m &amp#27;[2m&amp#27;[0;39m&amp#27;[36mo.s.data.mongodb.core.MongoTemplate     &amp#27;[0;39m &amp#27;[2m:&amp#27;[0;39m Executing count: { "message" : "Stress Log #58", "level" : "INFO"} in collection: logs
&amp#27;[2m2025-04-26T12:55:49.366+05:30&amp#27;[0;39m &amp#27;[32mDEBUG&amp#27;[0;39m &amp#27;[35m69975&amp#27;[0;39m &amp#27;[2m---&amp#27;[0;39m &amp#27;[2m[           main]&amp#27;[0;39m &amp#27;[2m&amp#27;[0;39m&amp#27;[36mo.s.d.m.r.query.MongoQueryCreator       &amp#27;[0;39m &amp#27;[2m:&amp#27;[0;39m Created query Query: { "message" : "Stress Log #59", "level" : { "$java" : INFO } }, Fields: {}, Sort: {}
&amp#27;[2m2025-04-26T12:55:49.366+05:30&amp#27;[0;39m &amp#27;[32mDEBUG&amp#27;[0;39m &amp#27;[35m69975&amp#27;[0;39m &amp#27;[2m---&amp#27;[0;39m &amp#27;[2m[           main]&amp#27;[0;39m &amp#27;[2m&amp#27;[0;39m&amp#27;[36mo.s.data.mongodb.core.MongoTemplate     &amp#27;[0;39m &amp#27;[2m:&amp#27;[0;39m Executing count: { "message" : "Stress Log #59", "level" : "INFO"} in collection: logs
&amp#27;[2m2025-04-26T12:55:49.368+05:30&amp#27;[0;39m &amp#27;[32mDEBUG&amp#27;[0;39m &amp#27;[35m69975&amp#27;[0;39m &amp#27;[2m---&amp#27;[0;39m &amp#27;[2m[           main]&amp#27;[0;39m &amp#27;[2m&amp#27;[0;39m&amp#27;[36mo.s.d.m.r.query.MongoQueryCreator       &amp#27;[0;39m &amp#27;[2m:&amp#27;[0;39m Created query Query: { "message" : "Stress Log #60", "level" : { "$java" : INFO } }, Fields: {}, Sort: {}
&amp#27;[2m2025-04-26T12:55:49.368+05:30&amp#27;[0;39m &amp#27;[32mDEBUG&amp#27;[0;39m &amp#27;[35m69975&amp#27;[0;39m &amp#27;[2m---&amp#27;[0;39m &amp#27;[2m[           main]&amp#27;[0;39m &amp#27;[2m&amp#27;[0;39m&amp#27;[36mo.s.data.mongodb.core.MongoTemplate     &amp#27;[0;39m &amp#27;[2m:&amp#27;[0;39m Executing count: { "message" : "Stress Log #60", "level" : "INFO"} in collection: logs
&amp#27;[2m2025-04-26T12:55:49.380+05:30&amp#27;[0;39m &amp#27;[32mDEBUG&amp#27;[0;39m &amp#27;[35m69975&amp#27;[0;39m &amp#27;[2m---&amp#27;[0;39m &amp#27;[2m[           main]&amp#27;[0;39m &amp#27;[2m&amp#27;[0;39m&amp#27;[36mo.s.d.m.r.query.MongoQueryCreator       &amp#27;[0;39m &amp#27;[2m:&amp#27;[0;39m Created query Query: { "message" : "Stress Log #61", "level" : { "$java" : INFO } }, Fields: {}, Sort: {}
&amp#27;[2m2025-04-26T12:55:49.380+05:30&amp#27;[0;39m &amp#27;[32mDEBUG&amp#27;[0;39m &amp#27;[35m69975&amp#27;[0;39m &amp#27;[2m---&amp#27;[0;39m &amp#27;[2m[           main]&amp#27;[0;39m &amp#27;[2m&amp#27;[0;39m&amp#27;[36mo.s.data.mongodb.core.MongoTemplate     &amp#27;[0;39m &amp#27;[2m:&amp#27;[0;39m Executing count: { "message" : "Stress Log #61", "level" : "INFO"} in collection: logs
&amp#27;[2m2025-04-26T12:55:49.382+05:30&amp#27;[0;39m &amp#27;[32mDEBUG&amp#27;[0;39m &amp#27;[35m69975&amp#27;[0;39m &amp#27;[2m---&amp#27;[0;39m &amp#27;[2m[           main]&amp#27;[0;39m &amp#27;[2m&amp#27;[0;39m&amp#27;[36mo.s.d.m.r.query.MongoQueryCreator       &amp#27;[0;39m &amp#27;[2m:&amp#27;[0;39m Created query Query: { "message" : "Stress Log #62", "level" : { "$java" : INFO } }, Fields: {}, Sort: {}
&amp#27;[2m2025-04-26T12:55:49.382+05:30&amp#27;[0;39m &amp#27;[32mDEBUG&amp#27;[0;39m &amp#27;[35m69975&amp#27;[0;39m &amp#27;[2m---&amp#27;[0;39m &amp#27;[2m[           main]&amp#27;[0;39m &amp#27;[2m&amp#27;[0;39m&amp#27;[36mo.s.data.mongodb.core.MongoTemplate     &amp#27;[0;39m &amp#27;[2m:&amp#27;[0;39m Executing count: { "message" : "Stress Log #62", "level" : "INFO"} in collection: logs
&amp#27;[2m2025-04-26T12:55:49.384+05:30&amp#27;[0;39m &amp#27;[32mDEBUG&amp#27;[0;39m &amp#27;[35m69975&amp#27;[0;39m &amp#27;[2m---&amp#27;[0;39m &amp#27;[2m[           main]&amp#27;[0;39m &amp#27;[2m&amp#27;[0;39m&amp#27;[36mo.s.d.m.r.query.MongoQueryCreator       &amp#27;[0;39m &amp#27;[2m:&amp#27;[0;39m Created query Query: { "message" : "Stress Log #63", "level" : { "$java" : INFO } }, Fields: {}, Sort: {}
&amp#27;[2m2025-04-26T12:55:49.384+05:30&amp#27;[0;39m &amp#27;[32mDEBUG&amp#27;[0;39m &amp#27;[35m69975&amp#27;[0;39m &amp#27;[2m---&amp#27;[0;39m &amp#27;[2m[           main]&amp#27;[0;39m &amp#27;[2m&amp#27;[0;39m&amp#27;[36mo.s.data.mongodb.core.MongoTemplate     &amp#27;[0;39m &amp#27;[2m:&amp#27;[0;39m Executing count: { "message" : "Stress Log #63", "level" : "INFO"} in collection: logs
&amp#27;[2m2025-04-26T12:55:49.386+05:30&amp#27;[0;39m &amp#27;[32mDEBUG&amp#27;[0;39m &amp#27;[35m69975&amp#27;[0;39m &amp#27;[2m---&amp#27;[0;39m &amp#27;[2m[           main]&amp#27;[0;39m &amp#27;[2m&amp#27;[0;39m&amp#27;[36mo.s.d.m.r.query.MongoQueryCreator       &amp#27;[0;39m &amp#27;[2m:&amp#27;[0;39m Created query Query: { "message" : "Stress Log #64", "level" : { "$java" : INFO } }, Fields: {}, Sort: {}
&amp#27;[2m2025-04-26T12:55:49.387+05:30&amp#27;[0;39m &amp#27;[32mDEBUG&amp#27;[0;39m &amp#27;[35m69975&amp#27;[0;39m &amp#27;[2m---&amp#27;[0;39m &amp#27;[2m[           main]&amp#27;[0;39m &amp#27;[2m&amp#27;[0;39m&amp#27;[36mo.s.data.mongodb.core.MongoTemplate     &amp#27;[0;39m &amp#27;[2m:&amp#27;[0;39m Executing count: { "message" : "Stress Log #64", "level" : "INFO"} in collection: logs
&amp#27;[2m2025-04-26T12:55:49.389+05:30&amp#27;[0;39m &amp#27;[32mDEBUG&amp#27;[0;39m &amp#27;[35m69975&amp#27;[0;39m &amp#27;[2m---&amp#27;[0;39m &amp#27;[2m[           main]&amp#27;[0;39m &amp#27;[2m&amp#27;[0;39m&amp#27;[36mo.s.d.m.r.query.MongoQueryCreator       &amp#27;[0;39m &amp#27;[2m:&amp#27;[0;39m Created query Query: { "message" : "Stress Log #65", "level" : { "$java" : INFO } }, Fields: {}, Sort: {}
&amp#27;[2m2025-04-26T12:55:49.389+05:30&amp#27;[0;39m &amp#27;[32mDEBUG&amp#27;[0;39m &amp#27;[35m69975&amp#27;[0;39m &amp#27;[2m---&amp#27;[0;39m &amp#27;[2m[           main]&amp#27;[0;39m &amp#27;[2m&amp#27;[0;39m&amp#27;[36mo.s.data.mongodb.core.MongoTemplate     &amp#27;[0;39m &amp#27;[2m:&amp#27;[0;39m Executing count: { "message" : "Stress Log #65", "level" : "INFO"} in collection: logs
&amp#27;[2m2025-04-26T12:55:49.391+05:30&amp#27;[0;39m &amp#27;[32mDEBUG&amp#27;[0;39m &amp#27;[35m69975&amp#27;[0;39m &amp#27;[2m---&amp#27;[0;39m &amp#27;[2m[           main]&amp#27;[0;39m &amp#27;[2m&amp#27;[0;39m&amp#27;[36mo.s.d.m.r.query.MongoQueryCreator       &amp#27;[0;39m &amp#27;[2m:&amp#27;[0;39m Created query Query: { "message" : "Stress Log #66", "level" : { "$java" : INFO } }, Fields: {}, Sort: {}
&amp#27;[2m2025-04-26T12:55:49.391+05:30&amp#27;[0;39m &amp#27;[32mDEBUG&amp#27;[0;39m &amp#27;[35m69975&amp#27;[0;39m &amp#27;[2m---&amp#27;[0;39m &amp#27;[2m[           main]&amp#27;[0;39m &amp#27;[2m&amp#27;[0;39m&amp#27;[36mo.s.data.mongodb.core.MongoTemplate     &amp#27;[0;39m &amp#27;[2m:&amp#27;[0;39m Executing count: { "message" : "Stress Log #66", "level" : "INFO"} in collection: logs
&amp#27;[2m2025-04-26T12:55:49.393+05:30&amp#27;[0;39m &amp#27;[32mDEBUG&amp#27;[0;39m &amp#27;[35m69975&amp#27;[0;39m &amp#27;[2m---&amp#27;[0;39m &amp#27;[2m[           main]&amp#27;[0;39m &amp#27;[2m&amp#27;[0;39m&amp#27;[36mo.s.d.m.r.query.MongoQueryCreator       &amp#27;[0;39m &amp#27;[2m:&amp#27;[0;39m Created query Query: { "message" : "Stress Log #67", "level" : { "$java" : INFO } }, Fields: {}, Sort: {}
&amp#27;[2m2025-04-26T12:55:49.393+05:30&amp#27;[0;39m &amp#27;[32mDEBUG&amp#27;[0;39m &amp#27;[35m69975&amp#27;[0;39m &amp#27;[2m---&amp#27;[0;39m &amp#27;[2m[           main]&amp#27;[0;39m &amp#27;[2m&amp#27;[0;39m&amp#27;[36mo.s.data.mongodb.core.MongoTemplate     &amp#27;[0;39m &amp#27;[2m:&amp#27;[0;39m Executing count: { "message" : "Stress Log #67", "level" : "INFO"} in collection: logs
&amp#27;[2m2025-04-26T12:55:49.394+05:30&amp#27;[0;39m &amp#27;[32mDEBUG&amp#27;[0;39m &amp#27;[35m69975&amp#27;[0;39m &amp#27;[2m---&amp#27;[0;39m &amp#27;[2m[           main]&amp#27;[0;39m &amp#27;[2m&amp#27;[0;39m&amp#27;[36mo.s.d.m.r.query.MongoQueryCreator       &amp#27;[0;39m &amp#27;[2m:&amp#27;[0;39m Created query Query: { "message" : "Stress Log #68", "level" : { "$java" : INFO } }, Fields: {}, Sort: {}
&amp#27;[2m2025-04-26T12:55:49.395+05:30&amp#27;[0;39m &amp#27;[32mDEBUG&amp#27;[0;39m &amp#27;[35m69975&amp#27;[0;39m &amp#27;[2m---&amp#27;[0;39m &amp#27;[2m[           main]&amp#27;[0;39m &amp#27;[2m&amp#27;[0;39m&amp#27;[36mo.s.data.mongodb.core.MongoTemplate     &amp#27;[0;39m &amp#27;[2m:&amp#27;[0;39m Executing count: { "message" : "Stress Log #68", "level" : "INFO"} in collection: logs
&amp#27;[2m2025-04-26T12:55:49.396+05:30&amp#27;[0;39m &amp#27;[32mDEBUG&amp#27;[0;39m &amp#27;[35m69975&amp#27;[0;39m &amp#27;[2m---&amp#27;[0;39m &amp#27;[2m[           main]&amp#27;[0;39m &amp#27;[2m&amp#27;[0;39m&amp#27;[36mo.s.d.m.r.query.MongoQueryCreator       &amp#27;[0;39m &amp#27;[2m:&amp#27;[0;39m Created query Query: { "message" : "Stress Log #69", "level" : { "$java" : INFO } }, Fields: {}, Sort: {}
&amp#27;[2m2025-04-26T12:55:49.396+05:30&amp#27;[0;39m &amp#27;[32mDEBUG&amp#27;[0;39m &amp#27;[35m69975&amp#27;[0;39m &amp#27;[2m---&amp#27;[0;39m &amp#27;[2m[           main]&amp#27;[0;39m &amp#27;[2m&amp#27;[0;39m&amp#27;[36mo.s.data.mongodb.core.MongoTemplate     &amp#27;[0;39m &amp#27;[2m:&amp#27;[0;39m Executing count: { "message" : "Stress Log #69", "level" : "INFO"} in collection: logs
&amp#27;[2m2025-04-26T12:55:49.398+05:30&amp#27;[0;39m &amp#27;[32mDEBUG&amp#27;[0;39m &amp#27;[35m69975&amp#27;[0;39m &amp#27;[2m---&amp#27;[0;39m &amp#27;[2m[           main]&amp#27;[0;39m &amp#27;[2m&amp#27;[0;39m&amp#27;[36mo.s.d.m.r.query.MongoQueryCreator       &amp#27;[0;39m &amp#27;[2m:&amp#27;[0;39m Created query Query: { "message" : "Stress Log #70", "level" : { "$java" : INFO } }, Fields: {}, Sort: {}
&amp#27;[2m2025-04-26T12:55:49.398+05:30&amp#27;[0;39m &amp#27;[32mDEBUG&amp#27;[0;39m &amp#27;[35m69975&amp#27;[0;39m &amp#27;[2m---&amp#27;[0;39m &amp#27;[2m[           main]&amp#27;[0;39m &amp#27;[2m&amp#27;[0;39m&amp#27;[36mo.s.data.mongodb.core.MongoTemplate     &amp#27;[0;39m &amp#27;[2m:&amp#27;[0;39m Executing count: { "message" : "Stress Log #70", "level" : "INFO"} in collection: logs
&amp#27;[2m2025-04-26T12:55:49.399+05:30&amp#27;[0;39m &amp#27;[32mDEBUG&amp#27;[0;39m &amp#27;[35m69975&amp#27;[0;39m &amp#27;[2m---&amp#27;[0;39m &amp#27;[2m[           main]&amp#27;[0;39m &amp#27;[2m&amp#27;[0;39m&amp#27;[36mo.s.d.m.r.query.MongoQueryCreator       &amp#27;[0;39m &amp#27;[2m:&amp#27;[0;39m Created query Query: { "message" : "Stress Log #71", "level" : { "$java" : INFO } }, Fields: {}, Sort: {}
&amp#27;[2m2025-04-26T12:55:49.400+05:30&amp#27;[0;39m &amp#27;[32mDEBUG&amp#27;[0;39m &amp#27;[35m69975&amp#27;[0;39m &amp#27;[2m---&amp#27;[0;39m &amp#27;[2m[           main]&amp#27;[0;39m &amp#27;[2m&amp#27;[0;39m&amp#27;[36mo.s.data.mongodb.core.MongoTemplate     &amp#27;[0;39m &amp#27;[2m:&amp#27;[0;39m Executing count: { "message" : "Stress Log #71", "level" : "INFO"} in collection: logs
&amp#27;[2m2025-04-26T12:55:49.401+05:30&amp#27;[0;39m &amp#27;[32mDEBUG&amp#27;[0;39m &amp#27;[35m69975&amp#27;[0;39m &amp#27;[2m---&amp#27;[0;39m &amp#27;[2m[           main]&amp#27;[0;39m &amp#27;[2m&amp#27;[0;39m&amp#27;[36mo.s.d.m.r.query.MongoQueryCreator       &amp#27;[0;39m &amp#27;[2m:&amp#27;[0;39m Created query Query: { "message" : "Stress Log #72", "level" : { "$java" : INFO } }, Fields: {}, Sort: {}
&amp#27;[2m2025-04-26T12:55:49.401+05:30&amp#27;[0;39m &amp#27;[32mDEBUG&amp#27;[0;39m &amp#27;[35m69975&amp#27;[0;39m &amp#27;[2m---&amp#27;[0;39m &amp#27;[2m[           main]&amp#27;[0;39m &amp#27;[2m&amp#27;[0;39m&amp#27;[36mo.s.data.mongodb.core.MongoTemplate     &amp#27;[0;39m &amp#27;[2m:&amp#27;[0;39m Executing count: { "message" : "Stress Log #72", "level" : "INFO"} in collection: logs
&amp#27;[2m2025-04-26T12:55:49.402+05:30&amp#27;[0;39m &amp#27;[32mDEBUG&amp#27;[0;39m &amp#27;[35m69975&amp#27;[0;39m &amp#27;[2m---&amp#27;[0;39m &amp#27;[2m[           main]&amp#27;[0;39m &amp#27;[2m&amp#27;[0;39m&amp#27;[36mo.s.d.m.r.query.MongoQueryCreator       &amp#27;[0;39m &amp#27;[2m:&amp#27;[0;39m Created query Query: { "message" : "Stress Log #73", "level" : { "$java" : INFO } }, Fields: {}, Sort: {}
&amp#27;[2m2025-04-26T12:55:49.403+05:30&amp#27;[0;39m &amp#27;[32mDEBUG&amp#27;[0;39m &amp#27;[35m69975&amp#27;[0;39m &amp#27;[2m---&amp#27;[0;39m &amp#27;[2m[           main]&amp#27;[0;39m &amp#27;[2m&amp#27;[0;39m&amp#27;[36mo.s.data.mongodb.core.MongoTemplate     &amp#27;[0;39m &amp#27;[2m:&amp#27;[0;39m Executing count: { "message" : "Stress Log #73", "level" : "INFO"} in collection: logs
&amp#27;[2m2025-04-26T12:55:49.404+05:30&amp#27;[0;39m &amp#27;[32mDEBUG&amp#27;[0;39m &amp#27;[35m69975&amp#27;[0;39m &amp#27;[2m---&amp#27;[0;39m &amp#27;[2m[           main]&amp#27;[0;39m &amp#27;[2m&amp#27;[0;39m&amp#27;[36mo.s.d.m.r.query.MongoQueryCreator       &amp#27;[0;39m &amp#27;[2m:&amp#27;[0;39m Created query Query: { "message" : "Stress Log #74", "level" : { "$java" : INFO } }, Fields: {}, Sort: {}
&amp#27;[2m2025-04-26T12:55:49.404+05:30&amp#27;[0;39m &amp#27;[32mDEBUG&amp#27;[0;39m &amp#27;[35m69975&amp#27;[0;39m &amp#27;[2m---&amp#27;[0;39m &amp#27;[2m[           main]&amp#27;[0;39m &amp#27;[2m&amp#27;[0;39m&amp#27;[36mo.s.data.mongodb.core.MongoTemplate     &amp#27;[0;39m &amp#27;[2m:&amp#27;[0;39m Executing count: { "message" : "Stress Log #74", "level" : "INFO"} in collection: logs
&amp#27;[2m2025-04-26T12:55:49.405+05:30&amp#27;[0;39m &amp#27;[32mDEBUG&amp#27;[0;39m &amp#27;[35m69975&amp#27;[0;39m &amp#27;[2m---&amp#27;[0;39m &amp#27;[2m[           main]&amp#27;[0;39m &amp#27;[2m&amp#27;[0;39m&amp#27;[36mo.s.d.m.r.query.MongoQueryCreator       &amp#27;[0;39m &amp#27;[2m:&amp#27;[0;39m Created query Query: { "message" : "Stress Log #75", "level" : { "$java" : INFO } }, Fields: {}, Sort: {}
&amp#27;[2m2025-04-26T12:55:49.405+05:30&amp#27;[0;39m &amp#27;[32mDEBUG&amp#27;[0;39m &amp#27;[35m69975&amp#27;[0;39m &amp#27;[2m---&amp#27;[0;39m &amp#27;[2m[           main]&amp#27;[0;39m &amp#27;[2m&amp#27;[0;39m&amp#27;[36mo.s.data.mongodb.core.MongoTemplate     &amp#27;[0;39m &amp#27;[2m:&amp#27;[0;39m Executing count: { "message" : "Stress Log #75", "level" : "INFO"} in collection: logs
&amp#27;[2m2025-04-26T12:55:49.407+05:30&amp#27;[0;39m &amp#27;[32mDEBUG&amp#27;[0;39m &amp#27;[35m69975&amp#27;[0;39m &amp#27;[2m---&amp#27;[0;39m &amp#27;[2m[           main]&amp#27;[0;39m &amp#27;[2m&amp#27;[0;39m&amp#27;[36mo.s.d.m.r.query.MongoQueryCreator       &amp#27;[0;39m &amp#27;[2m:&amp#27;[0;39m Created query Query: { "message" : "Stress Log #76", "level" : { "$java" : INFO } }, Fields: {}, Sort: {}
&amp#27;[2m2025-04-26T12:55:49.407+05:30&amp#27;[0;39m &amp#27;[32mDEBUG&amp#27;[0;39m &amp#27;[35m69975&amp#27;[0;39m &amp#27;[2m---&amp#27;[0;39m &amp#27;[2m[           main]&amp#27;[0;39m &amp#27;[2m&amp#27;[0;39m&amp#27;[36mo.s.data.mongodb.core.MongoTemplate     &amp#27;[0;39m &amp#27;[2m:&amp#27;[0;39m Executing count: { "message" : "Stress Log #76", "level" : "INFO"} in collection: logs
&amp#27;[2m2025-04-26T12:55:49.408+05:30&amp#27;[0;39m &amp#27;[32mDEBUG&amp#27;[0;39m &amp#27;[35m69975&amp#27;[0;39m &amp#27;[2m---&amp#27;[0;39m &amp#27;[2m[           main]&amp#27;[0;39m &amp#27;[2m&amp#27;[0;39m&amp#27;[36mo.s.d.m.r.query.MongoQueryCreator       &amp#27;[0;39m &amp#27;[2m:&amp#27;[0;39m Created query Query: { "message" : "Stress Log #77", "level" : { "$java" : INFO } }, Fields: {}, Sort: {}
&amp#27;[2m2025-04-26T12:55:49.409+05:30&amp#27;[0;39m &amp#27;[32mDEBUG&amp#27;[0;39m &amp#27;[35m69975&amp#27;[0;39m &amp#27;[2m---&amp#27;[0;39m &amp#27;[2m[           main]&amp#27;[0;39m &amp#27;[2m&amp#27;[0;39m&amp#27;[36mo.s.data.mongodb.core.MongoTemplate     &amp#27;[0;39m &amp#27;[2m:&amp#27;[0;39m Executing count: { "message" : "Stress Log #77", "level" : "INFO"} in collection: logs
&amp#27;[2m2025-04-26T12:55:49.410+05:30&amp#27;[0;39m &amp#27;[32mDEBUG&amp#27;[0;39m &amp#27;[35m69975&amp#27;[0;39m &amp#27;[2m---&amp#27;[0;39m &amp#27;[2m[           main]&amp#27;[0;39m &amp#27;[2m&amp#27;[0;39m&amp#27;[36mo.s.d.m.r.query.MongoQueryCreator       &amp#27;[0;39m &amp#27;[2m:&amp#27;[0;39m Created query Query: { "message" : "Stress Log #78", "level" : { "$java" : INFO } }, Fields: {}, Sort: {}
&amp#27;[2m2025-04-26T12:55:49.410+05:30&amp#27;[0;39m &amp#27;[32mDEBUG&amp#27;[0;39m &amp#27;[35m69975&amp#27;[0;39m &amp#27;[2m---&amp#27;[0;39m &amp#27;[2m[           main]&amp#27;[0;39m &amp#27;[2m&amp#27;[0;39m&amp#27;[36mo.s.data.mongodb.core.MongoTemplate     &amp#27;[0;39m &amp#27;[2m:&amp#27;[0;39m Executing count: { "message" : "Stress Log #78", "level" : "INFO"} in collection: logs
&amp#27;[2m2025-04-26T12:55:49.411+05:30&amp#27;[0;39m &amp#27;[32mDEBUG&amp#27;[0;39m &amp#27;[35m69975&amp#27;[0;39m &amp#27;[2m---&amp#27;[0;39m &amp#27;[2m[           main]&amp#27;[0;39m &amp#27;[2m&amp#27;[0;39m&amp#27;[36mo.s.d.m.r.query.MongoQueryCreator       &amp#27;[0;39m &amp#27;[2m:&amp#27;[0;39m Created query Query: { "message" : "Stress Log #79", "level" : { "$java" : INFO } }, Fields: {}, Sort: {}
&amp#27;[2m2025-04-26T12:55:49.412+05:30&amp#27;[0;39m &amp#27;[32mDEBUG&amp#27;[0;39m &amp#27;[35m69975&amp#27;[0;39m &amp#27;[2m---&amp#27;[0;39m &amp#27;[2m[           main]&amp#27;[0;39m &amp#27;[2m&amp#27;[0;39m&amp#27;[36mo.s.data.mongodb.core.MongoTemplate     &amp#27;[0;39m &amp#27;[2m:&amp#27;[0;39m Executing count: { "message" : "Stress Log #79", "level" : "INFO"} in collection: logs
&amp#27;[2m2025-04-26T12:55:49.413+05:30&amp#27;[0;39m &amp#27;[32mDEBUG&amp#27;[0;39m &amp#27;[35m69975&amp#27;[0;39m &amp#27;[2m---&amp#27;[0;39m &amp#27;[2m[           main]&amp#27;[0;39m &amp#27;[2m&amp#27;[0;39m&amp#27;[36mo.s.d.m.r.query.MongoQueryCreator       &amp#27;[0;39m &amp#27;[2m:&amp#27;[0;39m Created query Query: { "message" : "Stress Log #80", "level" : { "$java" : INFO } }, Fields: {}, Sort: {}
&amp#27;[2m2025-04-26T12:55:49.413+05:30&amp#27;[0;39m &amp#27;[32mDEBUG&amp#27;[0;39m &amp#27;[35m69975&amp#27;[0;39m &amp#27;[2m---&amp#27;[0;39m &amp#27;[2m[           main]&amp#27;[0;39m &amp#27;[2m&amp#27;[0;39m&amp#27;[36mo.s.data.mongodb.core.MongoTemplate     &amp#27;[0;39m &amp#27;[2m:&amp#27;[0;39m Executing count: { "message" : "Stress Log #80", "level" : "INFO"} in collection: logs
&amp#27;[2m2025-04-26T12:55:49.414+05:30&amp#27;[0;39m &amp#27;[32mDEBUG&amp#27;[0;39m &amp#27;[35m69975&amp#27;[0;39m &amp#27;[2m---&amp#27;[0;39m &amp#27;[2m[           main]&amp#27;[0;39m &amp#27;[2m&amp#27;[0;39m&amp#27;[36mo.s.d.m.r.query.MongoQueryCreator       &amp#27;[0;39m &amp#27;[2m:&amp#27;[0;39m Created query Query: { "message" : "Stress Log #81", "level" : { "$java" : INFO } }, Fields: {}, Sort: {}
&amp#27;[2m2025-04-26T12:55:49.414+05:30&amp#27;[0;39m &amp#27;[32mDEBUG&amp#27;[0;39m &amp#27;[35m69975&amp#27;[0;39m &amp#27;[2m---&amp#27;[0;39m &amp#27;[2m[           main]&amp#27;[0;39m &amp#27;[2m&amp#27;[0;39m&amp#27;[36mo.s.data.mongodb.core.MongoTemplate     &amp#27;[0;39m &amp#27;[2m:&amp#27;[0;39m Executing count: { "message" : "Stress Log #81", "level" : "INFO"} in collection: logs
&amp#27;[2m2025-04-26T12:55:49.416+05:30&amp#27;[0;39m &amp#27;[32mDEBUG&amp#27;[0;39m &amp#27;[35m69975&amp#27;[0;39m &amp#27;[2m---&amp#27;[0;39m &amp#27;[2m[           main]&amp#27;[0;39m &amp#27;[2m&amp#27;[0;39m&amp#27;[36mo.s.d.m.r.query.MongoQueryCreator       &amp#27;[0;39m &amp#27;[2m:&amp#27;[0;39m Created query Query: { "message" : "Stress Log #82", "level" : { "$java" : INFO } }, Fields: {}, Sort: {}
&amp#27;[2m2025-04-26T12:55:49.416+05:30&amp#27;[0;39m &amp#27;[32mDEBUG&amp#27;[0;39m &amp#27;[35m69975&amp#27;[0;39m &amp#27;[2m---&amp#27;[0;39m &amp#27;[2m[           main]&amp#27;[0;39m &amp#27;[2m&amp#27;[0;39m&amp#27;[36mo.s.data.mongodb.core.MongoTemplate     &amp#27;[0;39m &amp#27;[2m:&amp#27;[0;39m Executing count: { "message" : "Stress Log #82", "level" : "INFO"} in collection: logs
&amp#27;[2m2025-04-26T12:55:49.417+05:30&amp#27;[0;39m &amp#27;[32mDEBUG&amp#27;[0;39m &amp#27;[35m69975&amp#27;[0;39m &amp#27;[2m---&amp#27;[0;39m &amp#27;[2m[           main]&amp#27;[0;39m &amp#27;[2m&amp#27;[0;39m&amp#27;[36mo.s.d.m.r.query.MongoQueryCreator       &amp#27;[0;39m &amp#27;[2m:&amp#27;[0;39m Created query Query: { "message" : "Stress Log #83", "level" : { "$java" : INFO } }, Fields: {}, Sort: {}
&amp#27;[2m2025-04-26T12:55:49.417+05:30&amp#27;[0;39m &amp#27;[32mDEBUG&amp#27;[0;39m &amp#27;[35m69975&amp#27;[0;39m &amp#27;[2m---&amp#27;[0;39m &amp#27;[2m[           main]&amp#27;[0;39m &amp#27;[2m&amp#27;[0;39m&amp#27;[36mo.s.data.mongodb.core.MongoTemplate     &amp#27;[0;39m &amp#27;[2m:&amp#27;[0;39m Executing count: { "message" : "Stress Log #83", "level" : "INFO"} in collection: logs
&amp#27;[2m2025-04-26T12:55:49.419+05:30&amp#27;[0;39m &amp#27;[32mDEBUG&amp#27;[0;39m &amp#27;[35m69975&amp#27;[0;39m &amp#27;[2m---&amp#27;[0;39m &amp#27;[2m[           main]&amp#27;[0;39m &amp#27;[2m&amp#27;[0;39m&amp#27;[36mo.s.d.m.r.query.MongoQueryCreator       &amp#27;[0;39m &amp#27;[2m:&amp#27;[0;39m Created query Query: { "message" : "Stress Log #84", "level" : { "$java" : INFO } }, Fields: {}, Sort: {}
[...]
&amp#27;[2m2025-04-26T12:55:49.423+05:30&amp#27;[0;39m &amp#27;[32mDEBUG&amp#27;[0;39m &amp#27;[35m69975&amp#27;[0;39m &amp#27;[2m---&amp#27;[0;39m &amp#27;[2m[           main]&amp#27;[0;39m &amp#27;[2m&amp#27;[0;39m&amp#27;[36mo.s.d.m.r.query.MongoQueryCreator       &amp#27;[0;39m &amp#27;[2m:&amp#27;[0;39m Created query Query: { "message" : "Stress Log #87", "level" : { "$java" : INFO } }, Fields: {}, Sort: {}
&amp#27;[2m2025-04-26T12:55:49.423+05:30&amp#27;[0;39m &amp#27;[32mDEBUG&amp#27;[0;39m &amp#27;[35m69975&amp#27;[0;39m &amp#27;[2m---&amp#27;[0;39m &amp#27;[2m[           main]&amp#27;[0;39m &amp#27;[2m&amp#27;[0;39m&amp#27;[36mo.s.data.mongodb.core.MongoTemplate     &amp#27;[0;39m &amp#27;[2m:&amp#27;[0;39m Executing count: { "message" : "Stress Log #87", "level" : "INFO"} in collection: logs
&amp#27;[2m2025-04-26T12:55:49.425+05:30&amp#27;[0;39m &amp#27;[32mDEBUG&amp#27;[0;39m &amp#27;[35m69975&amp#27;[0;39m &amp#27;[2m---&amp#27;[0;39m &amp#27;[2m[           main]&amp#27;[0;39m &amp#27;[2m&amp#27;[0;39m&amp#27;[36mo.s.d.m.r.query.MongoQueryCreator       &amp#27;[0;39m &amp#27;[2m:&amp#27;[0;39m Created query Query: { "message" : "Stress Log #88", "level" : { "$java" : INFO } }, Fields: {}, Sort: {}
&amp#27;[2m2025-04-26T12:55:49.425+05:30&amp#27;[0;39m &amp#27;[32mDEBUG&amp#27;[0;39m &amp#27;[35m69975&amp#27;[0;39m &amp#27;[2m---&amp#27;[0;39m &amp#27;[2m[           main]&amp#27;[0;39m &amp#27;[2m&amp#27;[0;39m&amp#27;[36mo.s.data.mongodb.core.MongoTemplate     &amp#27;[0;39m &amp#27;[2m:&amp#27;[0;39m Executing count: { "message" : "Stress Log #88", "level" : "INFO"} in collection: logs
&amp#27;[2m2025-04-26T12:55:49.426+05:30&amp#27;[0;39m &amp#27;[32mDEBUG&amp#27;[0;39m &amp#27;[35m69975&amp#27;[0;39m &amp#27;[2m---&amp#27;[0;39m &amp#27;[2m[           main]&amp#27;[0;39m &amp#27;[2m&amp#27;[0;39m&amp#27;[36mo.s.d.m.r.query.MongoQueryCreator       &amp#27;[0;39m &amp#27;[2m:&amp#27;[0;39m Created query Query: { "message" : "Stress Log #89", "level" : { "$java" : INFO } }, Fields: {}, Sort: {}
&amp#27;[2m2025-04-26T12:55:49.426+05:30&amp#27;[0;39m &amp#27;[32mDEBUG&amp#27;[0;39m &amp#27;[35m69975&amp#27;[0;39m &amp#27;[2m---&amp#27;[0;39m &amp#27;[2m[           main]&amp#27;[0;39m &amp#27;[2m&amp#27;[0;39m&amp#27;[36mo.s.data.mongodb.core.MongoTemplate     &amp#27;[0;39m &amp#27;[2m:&amp#27;[0;39m Executing count: { "message" : "Stress Log #89", "level" : "INFO"} in collection: logs
&amp#27;[2m2025-04-26T12:55:49.427+05:30&amp#27;[0;39m &amp#27;[32mDEBUG&amp#27;[0;39m &amp#27;[35m69975&amp#27;[0;39m &amp#27;[2m---&amp#27;[0;39m &amp#27;[2m[           main]&amp#27;[0;39m &amp#27;[2m&amp#27;[0;39m&amp#27;[36mo.s.d.m.r.query.MongoQueryCreator       &amp#27;[0;39m &amp#27;[2m:&amp#27;[0;39m Created query Query: { "message" : "Stress Log #90", "level" : { "$java" : INFO } }, Fields: {}, Sort: {}
&amp#27;[2m2025-04-26T12:55:49.427+05:30&amp#27;[0;39m &amp#27;[32mDEBUG&amp#27;[0;39m &amp#27;[35m69975&amp#27;[0;39m &amp#27;[2m---&amp#27;[0;39m &amp#27;[2m[           main]&amp#27;[0;39m &amp#27;[2m&amp#27;[0;39m&amp#27;[36mo.s.data.mongodb.core.MongoTemplate     &amp#27;[0;39m &amp#27;[2m:&amp#27;[0;39m Executing count: { "message" : "Stress Log #90", "level" : "INFO"} in collection: logs
&amp#27;[2m2025-04-26T12:55:49.429+05:30&amp#27;[0;39m &amp#27;[32mDEBUG&amp#27;[0;39m &amp#27;[35m69975&amp#27;[0;39m &amp#27;[2m---&amp#27;[0;39m &amp#27;[2m[           main]&amp#27;[0;39m &amp#27;[2m&amp#27;[0;39m&amp#27;[36mo.s.d.m.r.query.MongoQueryCreator       &amp#27;[0;39m &amp#27;[2m:&amp#27;[0;39m Created query Query: { "message" : "Stress Log #91", "level" : { "$java" : INFO } }, Fields: {}, Sort: {}
&amp#27;[2m2025-04-26T12:55:49.429+05:30&amp#27;[0;39m &amp#27;[32mDEBUG&amp#27;[0;39m &amp#27;[35m69975&amp#27;[0;39m &amp#27;[2m---&amp#27;[0;39m &amp#27;[2m[           main]&amp#27;[0;39m &amp#27;[2m&amp#27;[0;39m&amp#27;[36mo.s.data.mongodb.core.MongoTemplate     &amp#27;[0;39m &amp#27;[2m:&amp#27;[0;39m Executing count: { "message" : "Stress Log #91", "level" : "INFO"} in collection: logs
&amp#27;[2m2025-04-26T12:55:49.430+05:30&amp#27;[0;39m &amp#27;[32mDEBUG&amp#27;[0;39m &amp#27;[35m69975&amp#27;[0;39m &amp#27;[2m---&amp#27;[0;39m &amp#27;[2m[           main]&amp#27;[0;39m &amp#27;[2m&amp#27;[0;39m&amp#27;[36mo.s.d.m.r.query.MongoQueryCreator       &amp#27;[0;39m &amp#27;[2m:&amp#27;[0;39m Created query Query: { "message" : "Stress Log #92", "level" : { "$java" : INFO } }, Fields: {}, Sort: {}
&amp#27;[2m2025-04-26T12:55:49.430+05:30&amp#27;[0;39m &amp#27;[32mDEBUG&amp#27;[0;39m &amp#27;[35m69975&amp#27;[0;39m &amp#27;[2m---&amp#27;[0;39m &amp#27;[2m[           main]&amp#27;[0;39m &amp#27;[2m&amp#27;[0;39m&amp#27;[36mo.s.data.mongodb.core.MongoTemplate     &amp#27;[0;39m &amp#27;[2m:&amp#27;[0;39m Executing count: { "message" : "Stress Log #92", "level" : "INFO"} in collection: logs
&amp#27;[2m2025-04-26T12:55:49.432+05:30&amp#27;[0;39m &amp#27;[32mDEBUG&amp#27;[0;39m &amp#27;[35m69975&amp#27;[0;39m &amp#27;[2m---&amp#27;[0;39m &amp#27;[2m[           main]&amp#27;[0;39m &amp#27;[2m&amp#27;[0;39m&amp#27;[36mo.s.d.m.r.query.MongoQueryCreator       &amp#27;[0;39m &amp#27;[2m:&amp#27;[0;39m Created query Query: { "message" : "Stress Log #93", "level" : { "$java" : INFO } }, Fields: {}, Sort: {}
&amp#27;[2m2025-04-26T12:55:49.432+05:30&amp#27;[0;39m &amp#27;[32mDEBUG&amp#27;[0;39m &amp#27;[35m69975&amp#27;[0;39m &amp#27;[2m---&amp#27;[0;39m &amp#27;[2m[           main]&amp#27;[0;39m &amp#27;[2m&amp#27;[0;39m&amp#27;[36mo.s.data.mongodb.core.MongoTemplate     &amp#27;[0;39m &amp#27;[2m:&amp#27;[0;39m Executing count: { "message" : "Stress Log #93", "level" : "INFO"} in collection: logs
&amp#27;[2m2025-04-26T12:55:49.433+05:30&amp#27;[0;39m &amp#27;[32mDEBUG&amp#27;[0;39m &amp#27;[35m69975&amp#27;[0;39m &amp#27;[2m---&amp#27;[0;39m &amp#27;[2m[           main]&amp#27;[0;39m &amp#27;[2m&amp#27;[0;39m&amp#27;[36mo.s.d.m.r.query.MongoQueryCreator       &amp#27;[0;39m &amp#27;[2m:&amp#27;[0;39m Created query Query: { "message" : "Stress Log #94", "level" : { "$java" : INFO } }, Fields: {}, Sort: {}
&amp#27;[2m2025-04-26T12:55:49.433+05:30&amp#27;[0;39m &amp#27;[32mDEBUG&amp#27;[0;39m &amp#27;[35m69975&amp#27;[0;39m &amp#27;[2m---&amp#27;[0;39m &amp#27;[2m[           main]&amp#27;[0;39m &amp#27;[2m&amp#27;[0;39m&amp#27;[36mo.s.data.mongodb.core.MongoTemplate     &amp#27;[0;39m &amp#27;[2m:&amp#27;[0;39m Executing count: { "message" : "Stress Log #94", "level" : "INFO"} in collection: logs
&amp#27;[2m2025-04-26T12:55:49.434+05:30&amp#27;[0;39m &amp#27;[32mDEBUG&amp#27;[0;39m &amp#27;[35m69975&amp#27;[0;39m &amp#27;[2m---&amp#27;[0;39m &amp#27;[2m[           main]&amp#27;[0;39m &amp#27;[2m&amp#27;[0;39m&amp#27;[36mo.s.d.m.r.query.MongoQueryCreator       &amp#27;[0;39m &amp#27;[2m:&amp#27;[0;39m Created query Query: { "message" : "Stress Log #95", "level" : { "$java" : INFO } }, Fields: {}, Sort: {}
&amp#27;[2m2025-04-26T12:55:49.434+05:30&amp#27;[0;39m &amp#27;[32mDEBUG&amp#27;[0;39m &amp#27;[35m69975&amp#27;[0;39m &amp#27;[2m---&amp#27;[0;39m &amp#27;[2m[           main]&amp#27;[0;39m &amp#27;[2m&amp#27;[0;39m&amp#27;[36mo.s.data.mongodb.core.MongoTemplate     &amp#27;[0;39m &amp#27;[2m:&amp#27;[0;39m Executing count: { "message" : "Stress Log #95", "level" : "INFO"} in collection: logs
&amp#27;[2m2025-04-26T12:55:49.435+05:30&amp#27;[0;39m &amp#27;[32mDEBUG&amp#27;[0;39m &amp#27;[35m69975&amp#27;[0;39m &amp#27;[2m---&amp#27;[0;39m &amp#27;[2m[           main]&amp#27;[0;39m &amp#27;[2m&amp#27;[0;39m&amp#27;[36mo.s.d.m.r.query.MongoQueryCreator       &amp#27;[0;39m &amp#27;[2m:&amp#27;[0;39m Created query Query: { "message" : "Stress Log #96", "level" : { "$java" : INFO } }, Fields: {}, Sort: {}
&amp#27;[2m2025-04-26T12:55:49.436+05:30&amp#27;[0;39m &amp#27;[32mDEBUG&amp#27;[0;39m &amp#27;[35m69975&amp#27;[0;39m &amp#27;[2m---&amp#27;[0;39m &amp#27;[2m[           main]&amp#27;[0;39m &amp#27;[2m&amp#27;[0;39m&amp#27;[36mo.s.data.mongodb.core.MongoTemplate     &amp#27;[0;39m &amp#27;[2m:&amp#27;[0;39m Executing count: { "message" : "Stress Log #96", "level" : "INFO"} in collection: logs
&amp#27;[2m2025-04-26T12:55:49.437+05:30&amp#27;[0;39m &amp#27;[32mDEBUG&amp#27;[0;39m &amp#27;[35m69975&amp#27;[0;39m &amp#27;[2m---&amp#27;[0;39m &amp#27;[2m[           main]&amp#27;[0;39m &amp#27;[2m&amp#27;[0;39m&amp#27;[36mo.s.d.m.r.query.MongoQueryCreator       &amp#27;[0;39m &amp#27;[2m:&amp#27;[0;39m Created query Query: { "message" : "Stress Log #97", "level" : { "$java" : INFO } }, Fields: {}, Sort: {}
&amp#27;[2m2025-04-26T12:55:49.437+05:30&amp#27;[0;39m &amp#27;[32mDEBUG&amp#27;[0;39m &amp#27;[35m69975&amp#27;[0;39m &amp#27;[2m---&amp#27;[0;39m &amp#27;[2m[           main]&amp#27;[0;39m &amp#27;[2m&amp#27;[0;39m&amp#27;[36mo.s.data.mongodb.core.MongoTemplate     &amp#27;[0;39m &amp#27;[2m:&amp#27;[0;39m Executing count: { "message" : "Stress Log #97", "level" : "INFO"} in collection: logs
&amp#27;[2m2025-04-26T12:55:49.438+05:30&amp#27;[0;39m &amp#27;[32mDEBUG&amp#27;[0;39m &amp#27;[35m69975&amp#27;[0;39m &amp#27;[2m---&amp#27;[0;39m &amp#27;[2m[           main]&amp#27;[0;39m &amp#27;[2m&amp#27;[0;39m&amp#27;[36mo.s.d.m.r.query.MongoQueryCreator       &amp#27;[0;39m &amp#27;[2m:&amp#27;[0;39m Created query Query: { "message" : "Stress Log #98", "level" : { "$java" : INFO } }, Fields: {}, Sort: {}
&amp#27;[2m2025-04-26T12:55:49.439+05:30&amp#27;[0;39m &amp#27;[32mDEBUG&amp#27;[0;39m &amp#27;[35m69975&amp#27;[0;39m &amp#27;[2m---&amp#27;[0;39m &amp#27;[2m[           main]&amp#27;[0;39m &amp#27;[2m&amp#27;[0;39m&amp#27;[36mo.s.data.mongodb.core.MongoTemplate     &amp#27;[0;39m &amp#27;[2m:&amp#27;[0;39m Executing count: { "message" : "Stress Log #98", "level" : "INFO"} in collection: logs
&amp#27;[2m2025-04-26T12:55:49.440+05:30&amp#27;[0;39m &amp#27;[32mDEBUG&amp#27;[0;39m &amp#27;[35m69975&amp#27;[0;39m &amp#27;[2m---&amp#27;[0;39m &amp#27;[2m[           main]&amp#27;[0;39m &amp#27;[2m&amp#27;[0;39m&amp#27;[36mo.s.d.m.r.query.MongoQueryCreator       &amp#27;[0;39m &amp#27;[2m:&amp#27;[0;39m Created query Query: { "message" : "Stress Log #99", "level" : { "$java" : INFO } }, Fields: {}, Sort: {}
&amp#27;[2m2025-04-26T12:55:49.440+05:30&amp#27;[0;39m &amp#27;[32mDEBUG&amp#27;[0;39m &amp#27;[35m69975&amp#27;[0;39m &amp#27;[2m---&amp#27;[0;39m &amp#27;[2m[           main]&amp#27;[0;39m &amp#27;[2m&amp#27;[0;39m&amp#27;[36mo.s.data.mongodb.core.MongoTemplate     &amp#27;[0;39m &amp#27;[2m:&amp#27;[0;39m Executing count: { "message" : "Stress Log #99", "level" : "INFO"} in collection: logs
&amp#27;[2m2025-04-26T12:55:49.441+05:30&amp#27;[0;39m &amp#27;[32mDEBUG&amp#27;[0;39m &amp#27;[35m69975&amp#27;[0;39m &amp#27;[2m---&amp#27;[0;39m &amp#27;[2m[           main]&amp#27;[0;39m &amp#27;[2m&amp#27;[0;39m&amp#27;[36mo.s.d.m.r.query.MongoQueryCreator       &amp#27;[0;39m &amp#27;[2m:&amp#27;[0;39m Created query Query: { "message" : "Stress Log #100", "level" : { "$java" : INFO } }, Fields: {}, Sort: {}
&amp#27;[2m2025-04-26T12:55:49.442+05:30&amp#27;[0;39m &amp#27;[32mDEBUG&amp#27;[0;39m &amp#27;[35m69975&amp#27;[0;39m &amp#27;[2m---&amp#27;[0;39m &amp#27;[2m[           main]&amp#27;[0;39m &amp#27;[2m&amp#27;[0;39m&amp#27;[36mo.s.data.mongodb.core.MongoTemplate     &amp#27;[0;39m &amp#27;[2m:&amp#27;[0;39m Executing count: { "message" : "Stress Log #100", "level" : "INFO"} in collection: logs
Raft stress test completed.
]]></system-out>
    <system-err><![CDATA[WARNING: A Java agent has been loaded dynamically (/Users/kanchan/.m2/repository/net/bytebuddy/byte-buddy-agent/1.14.12/byte-buddy-agent-1.14.12.jar)
WARNING: If a serviceability tool is in use, please run with -XX:+EnableDynamicAgentLoading to hide this warning
WARNING: If a serviceability tool is not in use, please run with -Djdk.instrument.traceUsage for more information
WARNING: Dynamic loading of agents will be disallowed by default in a future release
Error during stress log 1: Log with the same message and level already exists.
Error during stress log 2: Log with the same message and level already exists.
Error during stress log 3: Log with the same message and level already exists.
Error during stress log 4: Log with the same message and level already exists.
Error during stress log 5: Log with the same message and level already exists.
Error during stress log 6: Log with the same message and level already exists.
Error during stress log 7: Log with the same message and level already exists.
Error during stress log 8: Log with the same message and level already exists.
Error during stress log 9: Log with the same message and level already exists.
Error during stress log 10: Log with the same message and level already exists.
Error during stress log 11: Log with the same message and level already exists.
Error during stress log 12: Log with the same message and level already exists.
Error during stress log 13: Log with the same message and level already exists.
Error during stress log 14: Log with the same message and level already exists.
Error during stress log 15: Log with the same message and level already exists.
Error during stress log 16: Log with the same message and level already exists.
Error during stress log 17: Log with the same message and level already exists.
Error during stress log 18: Log with the same message and level already exists.
Error during stress log 19: Log with the same message and level already exists.
Error during stress log 20: Log with the same message and level already exists.
Error during stress log 21: Log with the same message and level already exists.
Error during stress log 22: Log with the same message and level already exists.
Error during stress log 23: Log with the same message and level already exists.
Error during stress log 24: Log with the same message and level already exists.
Error during stress log 25: Log with the same message and level already exists.
Error during stress log 26: Log with the same message and level already exists.
Error during stress log 27: Log with the same message and level already exists.
Error during stress log 28: Log with the same message and level already exists.
Error during stress log 29: Log with the same message and level already exists.
Error during stress log 30: Log with the same message and level already exists.
Error during stress log 31: Log with the same message and level already exists.
Error during stress log 32: Log with the same message and level already exists.
Error during stress log 33: Log with the same message and level already exists.
Error during stress log 34: Log with the same message and level already exists.
Error during stress log 35: Log with the same message and level already exists.
Error during stress log 36: Log with the same message and level already exists.
Error during stress log 37: Log with the same message and level already exists.
Error during stress log 38: Log with the same message and level already exists.
Error during stress log 39: Log with the same message and level already exists.
Error during stress log 40: Log with the same message and level already exists.
Error during stress log 41: Log with the same message and level already exists.
Error during stress log 42: Log with the same message and level already exists.
Error during stress log 43: Log with the same message and level already exists.
Error during stress log 44: Log with the same message and level already exists.
Error during stress log 45: Log with the same message and level already exists.
Error during stress log 46: Log with the same message and level already exists.
Error during stress log 47: Log with the same message and level already exists.
Error during stress log 48: Log with the same message and level already exists.
Error during stress log 49: Log with the same message and level already exists.
Error during stress log 50: Log with the same message and level already exists.
Error during stress log 51: Log with the same message and level already exists.
Error during stress log 52: Log with the same message and level already exists.
Error during stress log 53: Log with the same message and level already exists.
Error during stress log 54: Log with the same message and level already exists.
Error during stress log 55: Log with the same message and level already exists.
Error during stress log 56: Log with the same message and level already exists.
Error during stress log 57: Log with the same message and level already exists.
Error during stress log 58: Log with the same message and level already exists.
Error during stress log 59: Log with the same message and level already exists.
Error during stress log 60: Log with the same message and level already exists.
Error during stress log 61: Log with the same message and level already exists.
Error during stress log 62: Log with the same message and level already exists.
Error during stress log 63: Log with the same message and level already exists.
Error during stress log 64: Log with the same message and level already exists.
Error during stress log 65: Log with the same message and level already exists.
Error during stress log 66: Log with the same message and level already exists.
Error during stress log 67: Log with the same message and level already exists.
Error during stress log 68: Log with the same message and level already exists.
Error during stress log 69: Log with the same message and level already exists.
Error during stress log 70: Log with the same message and level already exists.
Error during stress log 71: Log with the same message and level already exists.
Error during stress log 72: Log with the same message and level already exists.
Error during stress log 73: Log with the same message and level already exists.
Error during stress log 74: Log with the same message and level already exists.
Error during stress log 75: Log with the same message and level already exists.
Error during stress log 76: Log with the same message and level already exists.
Error during stress log 77: Log with the same message and level already exists.
Error during stress log 78: Log with the same message and level already exists.
Error during stress log 79: Log with the same message and level already exists.
Error during stress log 80: Log with the same message and level already exists.
Error during stress log 81: Log with the same message and level already exists.
Error during stress log 82: Log with the same message and level already exists.
Error during stress log 83: Log with the same message and level already exists.
Error during stress log 84: Log with the same message and level already exists.
Error during stress log 85: Log with the same message and level already exists.
Error during stress log 86: Log with the same message and level already exists.
Error during stress log 87: Log with the same message and level already exists.
Error during stress log 88: Log with the same message and level already exists.
Error during stress log 89: Log with the same message and level already exists.
Error during stress log 90: Log with the same message and level already exists.
Error during stress log 91: Log with the same message and level already exists.
Error during stress log 92: Log with the same message and level already exists.
Error during stress log 93: Log with the same message and level already exists.
Error during stress log 94: Log with the same message and level already exists.
Error during stress log 95: Log with the same message and level already exists.
Error during stress log 96: Log with the same message and level already exists.
Error during stress log 97: Log with the same message and level already exists.
Error during stress log 98: Log with the same message and level already exists.
Error during stress log 99: Log with the same message and level already exists.
Error during stress log 100: Log with the same message and level already exists.
]]></system-err>
  </testcase>
</testsuite>